Building DAG of jobs...
Using shell: /usr/bin/bash
Provided cores: 1 (use --cores to define parallelism)
Rules claiming more threads will be scaled down.
Job stats:
job             count
------------  -------
all                 1
run_analysis        1
total               2

Select jobs to execute...

[Wed Jun 17 20:52:53 2026]
rule run_analysis:
    input: data/raw/chrX.bcf, data/raw/chrX_par.bed
    output: data/processed/switches_beagle_1.txt, data/processed/switches_eagle_1.txt, data/processed/switches_shapeit_1.txt
    jobid: 1
    reason: Missing output files: data/processed/switches_shapeit_1.txt, data/processed/switches_beagle_1.txt, data/processed/switches_eagle_1.txt
    wildcards: i=1
    resources: tmpdir=/tmp

Waiting at most 5 seconds for missing files.
MissingOutputException in rule run_analysis in file /net/snowwhite/home/beckandy/research/SynthDiEv/workflow/Snakefile, line 15:
Job 1  completed successfully, but some output files are missing. Missing files after 5 seconds. This might be due to filesystem latency. If that is the case, consider to increase the wait time with --latency-wait:
data/processed/switches_beagle_1.txt
data/processed/switches_eagle_1.txt
Removing output files of failed job run_analysis since they might be corrupted:
data/processed/switches_shapeit_1.txt
Shutting down, this might take some time.
Exiting because a job execution failed. Look above for error message
Complete log: .snakemake/log/2026-06-17T205253.087929.snakemake.log
