Building DAG of jobs...
Using shell: /usr/bin/bash
Provided cores: 5
Rules claiming more threads will be scaled down.
Conda environments: ignored
Job stats:
job                   count
------------------  -------
all                       1
generate_site_list       25
total                    26

Select jobs to execute...

[Wed Jun 17 23:26:58 2026]
rule generate_site_list:
    input: data/processed/chrX_no_par.bcf, data/processed/chrX_no_par.bcf.csi
    output: data/processed/site_list/sites_HG01608_vs_NA12760.tsv
    jobid: 26
    reason: Missing output files: data/processed/site_list/sites_HG01608_vs_NA12760.tsv
    wildcards: p1=HG01608, p2=NA12760
    resources: tmpdir=/tmp


[Wed Jun 17 23:26:58 2026]
rule generate_site_list:
    input: data/processed/chrX_no_par.bcf, data/processed/chrX_no_par.bcf.csi
    output: data/processed/site_list/sites_HG00252_vs_NA12760.tsv
    jobid: 11
    reason: Missing output files: data/processed/site_list/sites_HG00252_vs_NA12760.tsv
    wildcards: p1=HG00252, p2=NA12760
    resources: tmpdir=/tmp


[Wed Jun 17 23:26:58 2026]
rule generate_site_list:
    input: data/processed/chrX_no_par.bcf, data/processed/chrX_no_par.bcf.csi
    output: data/processed/site_list/sites_HG01686_vs_HG02233.tsv
    jobid: 17
    reason: Missing output files: data/processed/site_list/sites_HG01686_vs_HG02233.tsv
    wildcards: p1=HG01686, p2=HG02233
    resources: tmpdir=/tmp


[Wed Jun 17 23:26:58 2026]
rule generate_site_list:
    input: data/processed/chrX_no_par.bcf, data/processed/chrX_no_par.bcf.csi
    output: data/processed/site_list/sites_NA11881_vs_HG00109.tsv
    jobid: 19
    reason: Missing output files: data/processed/site_list/sites_NA11881_vs_HG00109.tsv
    wildcards: p1=NA11881, p2=HG00109
    resources: tmpdir=/tmp


[Wed Jun 17 23:26:58 2026]
rule generate_site_list:
    input: data/processed/chrX_no_par.bcf, data/processed/chrX_no_par.bcf.csi
    output: data/processed/site_list/sites_NA11881_vs_HG00142.tsv
    jobid: 18
    reason: Missing output files: data/processed/site_list/sites_NA11881_vs_HG00142.tsv
    wildcards: p1=NA11881, p2=HG00142
    resources: tmpdir=/tmp

[Wed Jun 17 23:27:00 2026]
Finished job 17.
1 of 26 steps (4%) done
Select jobs to execute...

[Wed Jun 17 23:27:00 2026]
rule generate_site_list:
    input: data/processed/chrX_no_par.bcf, data/processed/chrX_no_par.bcf.csi
    output: data/processed/site_list/sites_HG00252_vs_HG00109.tsv
    jobid: 9
    reason: Missing output files: data/processed/site_list/sites_HG00252_vs_HG00109.tsv
    wildcards: p1=HG00252, p2=HG00109
    resources: tmpdir=/tmp

[Wed Jun 17 23:27:00 2026]
Finished job 11.
2 of 26 steps (8%) done
Select jobs to execute...

[Wed Jun 17 23:27:01 2026]
rule generate_site_list:
    input: data/processed/chrX_no_par.bcf, data/processed/chrX_no_par.bcf.csi
    output: data/processed/site_list/sites_HG00138_vs_HG00142.tsv
    jobid: 1
    reason: Missing output files: data/processed/site_list/sites_HG00138_vs_HG00142.tsv
    wildcards: p1=HG00138, p2=HG00142
    resources: tmpdir=/tmp

[Wed Jun 17 23:27:01 2026]
Finished job 26.
3 of 26 steps (12%) done
Select jobs to execute...

[Wed Jun 17 23:27:01 2026]
rule generate_site_list:
    input: data/processed/chrX_no_par.bcf, data/processed/chrX_no_par.bcf.csi
    output: data/processed/site_list/sites_HG01608_vs_HG00109.tsv
    jobid: 24
    reason: Missing output files: data/processed/site_list/sites_HG01608_vs_HG00109.tsv
    wildcards: p1=HG01608, p2=HG00109
    resources: tmpdir=/tmp

[Wed Jun 17 23:27:01 2026]
Finished job 18.
4 of 26 steps (15%) done
[Wed Jun 17 23:27:01 2026]
Finished job 19.
5 of 26 steps (19%) done
Select jobs to execute...

[Wed Jun 17 23:27:01 2026]
rule generate_site_list:
    input: data/processed/chrX_no_par.bcf, data/processed/chrX_no_par.bcf.csi
    output: data/processed/site_list/sites_HG00252_vs_HG01630.tsv
    jobid: 10
    reason: Missing output files: data/processed/site_list/sites_HG00252_vs_HG01630.tsv
    wildcards: p1=HG00252, p2=HG01630
    resources: tmpdir=/tmp


[Wed Jun 17 23:27:01 2026]
rule generate_site_list:
    input: data/processed/chrX_no_par.bcf, data/processed/chrX_no_par.bcf.csi
    output: data/processed/site_list/sites_NA11881_vs_HG02233.tsv
    jobid: 22
    reason: Missing output files: data/processed/site_list/sites_NA11881_vs_HG02233.tsv
    wildcards: p1=NA11881, p2=HG02233
    resources: tmpdir=/tmp

Select jobs to execute...
[Wed Jun 17 23:27:03 2026]
Finished job 9.
6 of 26 steps (23%) done

[Wed Jun 17 23:27:03 2026]
rule generate_site_list:
    input: data/processed/chrX_no_par.bcf, data/processed/chrX_no_par.bcf.csi
    output: data/processed/site_list/sites_HG01608_vs_HG02233.tsv
    jobid: 27
    reason: Missing output files: data/processed/site_list/sites_HG01608_vs_HG02233.tsv
    wildcards: p1=HG01608, p2=HG02233
    resources: tmpdir=/tmp

[Wed Jun 17 23:27:03 2026]
Finished job 1.
7 of 26 steps (27%) done
Select jobs to execute...

[Wed Jun 17 23:27:03 2026]
rule generate_site_list:
    input: data/processed/chrX_no_par.bcf, data/processed/chrX_no_par.bcf.csi
    output: data/processed/site_list/sites_HG00252_vs_HG02233.tsv
    jobid: 12
    reason: Missing output files: data/processed/site_list/sites_HG00252_vs_HG02233.tsv
    wildcards: p1=HG00252, p2=HG02233
    resources: tmpdir=/tmp

[Wed Jun 17 23:27:03 2026]
Finished job 10.
8 of 26 steps (31%) done
Select jobs to execute...

[Wed Jun 17 23:27:03 2026]
rule generate_site_list:
    input: data/processed/chrX_no_par.bcf, data/processed/chrX_no_par.bcf.csi
    output: data/processed/site_list/sites_HG01686_vs_HG00109.tsv
    jobid: 14
    reason: Missing output files: data/processed/site_list/sites_HG01686_vs_HG00109.tsv
    wildcards: p1=HG01686, p2=HG00109
    resources: tmpdir=/tmp

[Wed Jun 17 23:27:03 2026]
Finished job 24.
9 of 26 steps (35%) done
Select jobs to execute...

[Wed Jun 17 23:27:03 2026]
rule generate_site_list:
    input: data/processed/chrX_no_par.bcf, data/processed/chrX_no_par.bcf.csi
    output: data/processed/site_list/sites_HG01686_vs_NA12760.tsv
    jobid: 16
    reason: Missing output files: data/processed/site_list/sites_HG01686_vs_NA12760.tsv
    wildcards: p1=HG01686, p2=NA12760
    resources: tmpdir=/tmp

[Wed Jun 17 23:27:03 2026]
Finished job 22.
10 of 26 steps (38%) done
Select jobs to execute...

[Wed Jun 17 23:27:03 2026]
rule generate_site_list:
    input: data/processed/chrX_no_par.bcf, data/processed/chrX_no_par.bcf.csi
    output: data/processed/site_list/sites_NA11881_vs_HG01630.tsv
    jobid: 20
    reason: Missing output files: data/processed/site_list/sites_NA11881_vs_HG01630.tsv
    wildcards: p1=NA11881, p2=HG01630
    resources: tmpdir=/tmp

[Wed Jun 17 23:27:05 2026]
Finished job 27.
11 of 26 steps (42%) done
Select jobs to execute...

[Wed Jun 17 23:27:05 2026]
rule generate_site_list:
    input: data/processed/chrX_no_par.bcf, data/processed/chrX_no_par.bcf.csi
    output: data/processed/site_list/sites_HG00138_vs_HG01630.tsv
    jobid: 5
    reason: Missing output files: data/processed/site_list/sites_HG00138_vs_HG01630.tsv
    wildcards: p1=HG00138, p2=HG01630
    resources: tmpdir=/tmp

[Wed Jun 17 23:27:05 2026]
Finished job 12.
12 of 26 steps (46%) done
Select jobs to execute...

[Wed Jun 17 23:27:05 2026]
rule generate_site_list:
    input: data/processed/chrX_no_par.bcf, data/processed/chrX_no_par.bcf.csi
    output: data/processed/site_list/sites_HG01608_vs_HG01630.tsv
    jobid: 25
    reason: Missing output files: data/processed/site_list/sites_HG01608_vs_HG01630.tsv
    wildcards: p1=HG01608, p2=HG01630
    resources: tmpdir=/tmp

[Wed Jun 17 23:27:05 2026]
Finished job 14.
13 of 26 steps (50%) done
Select jobs to execute...

[Wed Jun 17 23:27:05 2026]
rule generate_site_list:
    input: data/processed/chrX_no_par.bcf, data/processed/chrX_no_par.bcf.csi
    output: data/processed/site_list/sites_HG00252_vs_HG00142.tsv
    jobid: 8
    reason: Missing output files: data/processed/site_list/sites_HG00252_vs_HG00142.tsv
    wildcards: p1=HG00252, p2=HG00142
    resources: tmpdir=/tmp

[Wed Jun 17 23:27:05 2026]
Finished job 16.
14 of 26 steps (54%) done
Select jobs to execute...

[Wed Jun 17 23:27:05 2026]
rule generate_site_list:
    input: data/processed/chrX_no_par.bcf, data/processed/chrX_no_par.bcf.csi
    output: data/processed/site_list/sites_HG01608_vs_HG00142.tsv
    jobid: 23
    reason: Missing output files: data/processed/site_list/sites_HG01608_vs_HG00142.tsv
    wildcards: p1=HG01608, p2=HG00142
    resources: tmpdir=/tmp

[Wed Jun 17 23:27:05 2026]
Finished job 20.
15 of 26 steps (58%) done
Select jobs to execute...

[Wed Jun 17 23:27:05 2026]
rule generate_site_list:
    input: data/processed/chrX_no_par.bcf, data/processed/chrX_no_par.bcf.csi
    output: data/processed/site_list/sites_HG00138_vs_NA12760.tsv
    jobid: 6
    reason: Missing output files: data/processed/site_list/sites_HG00138_vs_NA12760.tsv
    wildcards: p1=HG00138, p2=NA12760
    resources: tmpdir=/tmp

[Wed Jun 17 23:27:07 2026]
Finished job 8.
16 of 26 steps (62%) done
Select jobs to execute...

[Wed Jun 17 23:27:07 2026]
rule generate_site_list:
    input: data/processed/chrX_no_par.bcf, data/processed/chrX_no_par.bcf.csi
    output: data/processed/site_list/sites_NA11881_vs_NA12760.tsv
    jobid: 21
    reason: Missing output files: data/processed/site_list/sites_NA11881_vs_NA12760.tsv
    wildcards: p1=NA11881, p2=NA12760
    resources: tmpdir=/tmp

[Wed Jun 17 23:27:07 2026]
Finished job 5.
17 of 26 steps (65%) done
Select jobs to execute...

[Wed Jun 17 23:27:07 2026]
rule generate_site_list:
    input: data/processed/chrX_no_par.bcf, data/processed/chrX_no_par.bcf.csi
    output: data/processed/site_list/sites_HG01686_vs_HG00142.tsv
    jobid: 13
    reason: Missing output files: data/processed/site_list/sites_HG01686_vs_HG00142.tsv
    wildcards: p1=HG01686, p2=HG00142
    resources: tmpdir=/tmp

[Wed Jun 17 23:27:07 2026]
Finished job 25.
18 of 26 steps (69%) done
Select jobs to execute...

[Wed Jun 17 23:27:07 2026]
rule generate_site_list:
    input: data/processed/chrX_no_par.bcf, data/processed/chrX_no_par.bcf.csi
    output: data/processed/site_list/sites_HG00138_vs_HG00109.tsv
    jobid: 4
    reason: Missing output files: data/processed/site_list/sites_HG00138_vs_HG00109.tsv
    wildcards: p1=HG00138, p2=HG00109
    resources: tmpdir=/tmp

[Wed Jun 17 23:27:07 2026]
Finished job 6.
19 of 26 steps (73%) done
Select jobs to execute...

[Wed Jun 17 23:27:07 2026]
rule generate_site_list:
    input: data/processed/chrX_no_par.bcf, data/processed/chrX_no_par.bcf.csi
    output: data/processed/site_list/sites_HG00138_vs_HG02233.tsv
    jobid: 7
    reason: Missing output files: data/processed/site_list/sites_HG00138_vs_HG02233.tsv
    wildcards: p1=HG00138, p2=HG02233
    resources: tmpdir=/tmp

[Wed Jun 17 23:27:07 2026]
Finished job 23.
20 of 26 steps (77%) done
Select jobs to execute...

[Wed Jun 17 23:27:07 2026]
rule generate_site_list:
    input: data/processed/chrX_no_par.bcf, data/processed/chrX_no_par.bcf.csi
    output: data/processed/site_list/sites_HG01686_vs_HG01630.tsv
    jobid: 15
    reason: Missing output files: data/processed/site_list/sites_HG01686_vs_HG01630.tsv
    wildcards: p1=HG01686, p2=HG01630
    resources: tmpdir=/tmp

[Wed Jun 17 23:27:09 2026]
Finished job 4.
21 of 26 steps (81%) done
[Wed Jun 17 23:27:09 2026]
Finished job 21.
22 of 26 steps (85%) done
[Wed Jun 17 23:27:09 2026]
Finished job 13.
23 of 26 steps (88%) done
[Wed Jun 17 23:27:09 2026]
Finished job 7.
24 of 26 steps (92%) done
[Wed Jun 17 23:27:09 2026]
Finished job 15.
25 of 26 steps (96%) done
Select jobs to execute...

[Wed Jun 17 23:27:09 2026]
localrule all:
    input: data/processed/site_list/sites_HG00138_vs_HG00142.tsv, data/processed/site_list/sites_HG00138_vs_HG00109.tsv, data/processed/site_list/sites_HG00138_vs_HG01630.tsv, data/processed/site_list/sites_HG00138_vs_NA12760.tsv, data/processed/site_list/sites_HG00138_vs_HG02233.tsv, data/processed/site_list/sites_HG00252_vs_HG00142.tsv, data/processed/site_list/sites_HG00252_vs_HG00109.tsv, data/processed/site_list/sites_HG00252_vs_HG01630.tsv, data/processed/site_list/sites_HG00252_vs_NA12760.tsv, data/processed/site_list/sites_HG00252_vs_HG02233.tsv, data/processed/site_list/sites_HG01686_vs_HG00142.tsv, data/processed/site_list/sites_HG01686_vs_HG00109.tsv, data/processed/site_list/sites_HG01686_vs_HG01630.tsv, data/processed/site_list/sites_HG01686_vs_NA12760.tsv, data/processed/site_list/sites_HG01686_vs_HG02233.tsv, data/processed/site_list/sites_NA11881_vs_HG00142.tsv, data/processed/site_list/sites_NA11881_vs_HG00109.tsv, data/processed/site_list/sites_NA11881_vs_HG01630.tsv, data/processed/site_list/sites_NA11881_vs_NA12760.tsv, data/processed/site_list/sites_NA11881_vs_HG02233.tsv, data/processed/site_list/sites_HG01608_vs_HG00142.tsv, data/processed/site_list/sites_HG01608_vs_HG00109.tsv, data/processed/site_list/sites_HG01608_vs_HG01630.tsv, data/processed/site_list/sites_HG01608_vs_NA12760.tsv, data/processed/site_list/sites_HG01608_vs_HG02233.tsv
    jobid: 0
    reason: Input files updated by another job: data/processed/site_list/sites_HG01608_vs_HG00109.tsv, data/processed/site_list/sites_HG01608_vs_NA12760.tsv, data/processed/site_list/sites_HG01608_vs_HG01630.tsv, data/processed/site_list/sites_HG00252_vs_NA12760.tsv, data/processed/site_list/sites_HG01686_vs_HG00142.tsv, data/processed/site_list/sites_HG01686_vs_NA12760.tsv, data/processed/site_list/sites_HG01686_vs_HG01630.tsv, data/processed/site_list/sites_HG01686_vs_HG02233.tsv, data/processed/site_list/sites_HG00252_vs_HG01630.tsv, data/processed/site_list/sites_HG01686_vs_HG00109.tsv, data/processed/site_list/sites_HG00138_vs_HG02233.tsv, data/processed/site_list/sites_NA11881_vs_HG00142.tsv, data/processed/site_list/sites_HG00138_vs_HG00109.tsv, data/processed/site_list/sites_HG00138_vs_HG00142.tsv, data/processed/site_list/sites_HG00138_vs_NA12760.tsv, data/processed/site_list/sites_NA11881_vs_NA12760.tsv, data/processed/site_list/sites_NA11881_vs_HG01630.tsv, data/processed/site_list/sites_NA11881_vs_HG02233.tsv, data/processed/site_list/sites_HG00138_vs_HG01630.tsv, data/processed/site_list/sites_HG01608_vs_HG00142.tsv, data/processed/site_list/sites_HG00252_vs_HG00109.tsv, data/processed/site_list/sites_HG00252_vs_HG02233.tsv, data/processed/site_list/sites_HG01608_vs_HG02233.tsv, data/processed/site_list/sites_NA11881_vs_HG00109.tsv, data/processed/site_list/sites_HG00252_vs_HG00142.tsv
    resources: tmpdir=/tmp

[Wed Jun 17 23:27:09 2026]
Finished job 0.
26 of 26 steps (100%) done
Complete log: .snakemake/log/2026-06-17T232658.338511.snakemake.log
