Building DAG of jobs...
MissingInputException in rule all in file /net/snowwhite/home/beckandy/research/SynthDiEv/workflow/Snakefile, line 14:
Missing input files for rule all:
    affected files:
        data/processed/diploid/input_HG00138_vs_HG01630_test.vcf
        data/processed/diploid/input_NA11881_vs_HG00109_truth.vcf
        data/processed/diploid/input_HG00252_vs_NA12760_test.vcf
        data/processed/diploid/input_HG00138_vs_HG01630_truth.vcf
        data/processed/diploid/input_HG00252_vs_HG00109_truth.vcf
        data/processed/diploid/input_NA11881_vs_NA12760_truth.vcf
        data/processed/diploid/input_HG01686_vs_NA12760_test.vcf
        data/processed/diploid/input_HG01608_vs_NA12760_test.vcf
        data/processed/diploid/input_NA11881_vs_HG02233_truth.vcf
        data/processed/diploid/input_HG01608_vs_HG01630_truth.vcf
        data/processed/diploid/input_HG00252_vs_HG02233_test.vcf
        data/processed/diploid/input_HG00138_vs_NA12760_truth.vcf
        data/processed/diploid/input_HG01608_vs_HG00142_truth.vcf
        data/processed/diploid/input_HG01608_vs_HG00142_test.vcf
        data/processed/diploid/input_HG01608_vs_NA12760_truth.vcf
        data/processed/diploid/input_HG00138_vs_HG00142_truth.vcf
        data/processed/diploid/input_NA11881_vs_HG00142_test.vcf
        data/processed/diploid/input_HG01686_vs_HG00109_test.vcf
        data/processed/diploid/input_HG01686_vs_HG00142_test.vcf
        data/processed/diploid/input_HG00138_vs_HG00109_test.vcf
        data/processed/diploid/input_HG00252_vs_HG01630_test.vcf
        data/processed/diploid/input_HG01686_vs_HG02233_truth.vcf
        data/processed/diploid/input_NA11881_vs_HG01630_truth.vcf
        data/processed/diploid/input_HG00252_vs_HG01630_truth.vcf
        data/processed/diploid/input_HG01608_vs_HG00109_truth.vcf
        data/processed/diploid/input_NA11881_vs_NA12760_test.vcf
        data/processed/diploid/input_HG01686_vs_HG01630_test.vcf
        data/processed/diploid/input_HG01608_vs_HG01630_test.vcf
        data/processed/diploid/input_HG00252_vs_HG00142_test.vcf
        data/processed/diploid/input_NA11881_vs_HG01630_test.vcf
        data/processed/diploid/input_HG00252_vs_NA12760_truth.vcf
        data/processed/diploid/input_HG00138_vs_HG00109_truth.vcf
        data/processed/diploid/input_HG01608_vs_HG02233_test.vcf
        data/processed/diploid/input_HG01608_vs_HG02233_truth.vcf
        data/processed/diploid/input_HG01686_vs_HG02233_test.vcf
        data/processed/diploid/input_HG00138_vs_HG00142_test.vcf
        data/processed/diploid/input_NA11881_vs_HG00109_test.vcf
        data/processed/diploid/input_NA11881_vs_HG02233_test.vcf
        data/processed/diploid/input_HG01686_vs_HG01630_truth.vcf
        data/processed/diploid/input_NA11881_vs_HG00142_truth.vcf
        data/processed/diploid/input_HG00252_vs_HG02233_truth.vcf
        data/processed/diploid/input_HG00138_vs_HG02233_truth.vcf
        data/processed/diploid/input_HG01686_vs_HG00142_truth.vcf
        data/processed/diploid/input_HG01686_vs_NA12760_truth.vcf
        data/processed/diploid/input_HG01608_vs_HG00109_test.vcf
        data/processed/diploid/input_HG00252_vs_HG00109_test.vcf
        data/processed/diploid/input_HG00252_vs_HG00142_truth.vcf
        data/processed/diploid/input_HG00138_vs_HG02233_test.vcf
        data/processed/diploid/input_HG01686_vs_HG00109_truth.vcf
        data/processed/diploid/input_HG00138_vs_NA12760_test.vcf
