Building DAG of jobs...
Using shell: /usr/bin/bash
Provided cores: 1 (use --cores to define parallelism)
Rules claiming more threads will be scaled down.
Job stats:
job             count
------------  -------
all                 1
run_analysis        1
total               2

Select jobs to execute...

[Wed Jun 17 20:54:47 2026]
rule run_analysis:
    input: data/raw/chrX.bcf, data/raw/chrX_par.bed
    output: data/processed/switches_beagle_1.txt, data/processed/switches_eagle_1.txt, data/processed/switches_shapeit_1.txt
    jobid: 1
    reason: Missing output files: data/processed/switches_beagle_1.txt, data/processed/switches_eagle_1.txt, data/processed/switches_shapeit_1.txt
    wildcards: i=1
    resources: tmpdir=/tmp

[Wed Jun 17 20:54:47 2026]
Finished job 1.
1 of 2 steps (50%) done
Select jobs to execute...

[Wed Jun 17 20:54:47 2026]
localrule all:
    input: data/processed/switches_beagle_1.txt, data/processed/switches_eagle_1.txt, data/processed/switches_shapeit_1.txt
    jobid: 0
    reason: Input files updated by another job: data/processed/switches_eagle_1.txt, data/processed/switches_beagle_1.txt, data/processed/switches_shapeit_1.txt
    resources: tmpdir=/tmp

[Wed Jun 17 20:54:47 2026]
Finished job 0.
2 of 2 steps (100%) done
Complete log: .snakemake/log/2026-06-17T205447.243841.snakemake.log
