Building DAG of jobs...
Using shell: /usr/bin/bash
Provided cores: 1 (use --cores to define parallelism)
Rules claiming more threads will be scaled down.
Conda environments: ignored
Job stats:
job             count
------------  -------
all                 1
remove_par          1
run_analysis        5
total               7

Select jobs to execute...

[Wed Jun 17 21:14:00 2026]
rule remove_par:
    input: data/raw/chrX.bcf, data/raw/chrX_par.bed
    output: data/processed/chrX_no_par.bcf
    jobid: 2
    reason: Missing output files: data/processed/chrX_no_par.bcf
    resources: tmpdir=/tmp

[Wed Jun 17 21:14:00 2026]
Error in rule remove_par:
    jobid: 2
    input: data/raw/chrX.bcf, data/raw/chrX_par.bed
    output: data/processed/chrX_no_par.bcf
    conda-env: /net/snowwhite/home/beckandy/research/SynthDiEv/.snakemake/conda/b86e7158d0b38816acfc5261ea6f1f27_
    shell:
        bcftools view -T ^data/raw/chrX_par.bed data/raw/chrX.bcf -Ob -o data/processed/chrX_no_par.bcf && bcftools index data/processed/chrX_no_par.bcf
        (one of the commands exited with non-zero exit code; note that snakemake uses bash strict mode!)

Shutting down, this might take some time.
Exiting because a job execution failed. Look above for error message
Complete log: .snakemake/log/2026-06-17T211359.414170.snakemake.log
