Building DAG of jobs...
Using shell: /usr/bin/bash
Provided cores: 5
Rules claiming more threads will be scaled down.
Conda environments: ignored
Job stats:
job                   count
------------------  -------
all                       1
generate_site_list       10
index_bcf                 1
total                    12

Select jobs to execute...

[Wed Jun 17 23:23:59 2026]
rule index_bcf:
    input: data/processed/chrX_no_par.bcf
    output: data/processed/chrX_no_par.bcf.csi
    jobid: 3
    reason: Updated input files: data/processed/chrX_no_par.bcf
    resources: tmpdir=/tmp

[Wed Jun 17 23:24:00 2026]
Finished job 3.
1 of 12 steps (8%) done
Select jobs to execute...

[Wed Jun 17 23:24:00 2026]
rule generate_site_list:
    input: data/processed/chrX_no_par.bcf, data/processed/chrX_no_par.bcf.csi
    output: data/processed/site_list/sites_HG01686 HG01630_vs_HG00142.tsv
    jobid: 7
    reason: Missing output files: data/processed/site_list/sites_HG01686 HG01630_vs_HG00142.tsv; Input files updated by another job: data/processed/chrX_no_par.bcf.csi
    wildcards: p1=HG01686 HG01630, p2=HG00142
    resources: tmpdir=/tmp


[Wed Jun 17 23:24:00 2026]
rule generate_site_list:
    input: data/processed/chrX_no_par.bcf, data/processed/chrX_no_par.bcf.csi
    output: data/processed/site_list/sites_NA11881 NA12760_vs_HG00142.tsv
    jobid: 9
    reason: Missing output files: data/processed/site_list/sites_NA11881 NA12760_vs_HG00142.tsv; Input files updated by another job: data/processed/chrX_no_par.bcf.csi
    wildcards: p1=NA11881 NA12760, p2=HG00142
    resources: tmpdir=/tmp


[Wed Jun 17 23:24:00 2026]
rule generate_site_list:
    input: data/processed/chrX_no_par.bcf, data/processed/chrX_no_par.bcf.csi
    output: data/processed/site_list/sites_HG01608 HG02233_vs_HG00142.tsv
    jobid: 11
    reason: Missing output files: data/processed/site_list/sites_HG01608 HG02233_vs_HG00142.tsv; Input files updated by another job: data/processed/chrX_no_par.bcf.csi
    wildcards: p1=HG01608 HG02233, p2=HG00142
    resources: tmpdir=/tmp


[Wed Jun 17 23:24:00 2026]
rule generate_site_list:
    input: data/processed/chrX_no_par.bcf, data/processed/chrX_no_par.bcf.csi
    output: data/processed/site_list/sites_HG00138_vs_HG00142.tsv
    jobid: 1
    reason: Missing output files: data/processed/site_list/sites_HG00138_vs_HG00142.tsv; Input files updated by another job: data/processed/chrX_no_par.bcf.csi
    wildcards: p1=HG00138, p2=HG00142
    resources: tmpdir=/tmp


[Wed Jun 17 23:24:00 2026]
rule generate_site_list:
    input: data/processed/chrX_no_par.bcf, data/processed/chrX_no_par.bcf.csi
    output: data/processed/site_list/sites_HG00138_vs_nan.tsv
    jobid: 4
    reason: Missing output files: data/processed/site_list/sites_HG00138_vs_nan.tsv; Input files updated by another job: data/processed/chrX_no_par.bcf.csi
    wildcards: p1=HG00138, p2=nan
    resources: tmpdir=/tmp

[Wed Jun 17 23:24:00 2026]
Error in rule generate_site_list:
    jobid: 7
    input: data/processed/chrX_no_par.bcf, data/processed/chrX_no_par.bcf.csi
    output: data/processed/site_list/sites_HG01686 HG01630_vs_HG00142.tsv
    conda-env: /net/snowwhite/home/beckandy/research/SynthDiEv/.snakemake/conda/b86e7158d0b38816acfc5261ea6f1f27_
    shell:
        bcftools view -v snps -Ou $VCF | bcftools view -s HG01686 HG01630,HG00142 -Ou |bcftools query  -f '%CHROM	%POS
' | tr -s ' ' |awk '!seen[$0]++' > data/processed/site_list/sites_HG01686 HG01630_vs_HG00142.tsv
        (one of the commands exited with non-zero exit code; note that snakemake uses bash strict mode!)

[Wed Jun 17 23:24:00 2026]
Error in rule generate_site_list:
    jobid: 9
    input: data/processed/chrX_no_par.bcf, data/processed/chrX_no_par.bcf.csi
    output: data/processed/site_list/sites_NA11881 NA12760_vs_HG00142.tsv
    conda-env: /net/snowwhite/home/beckandy/research/SynthDiEv/.snakemake/conda/b86e7158d0b38816acfc5261ea6f1f27_
    shell:
        bcftools view -v snps -Ou $VCF | bcftools view -s NA11881 NA12760,HG00142 -Ou |bcftools query  -f '%CHROM	%POS
' | tr -s ' ' |awk '!seen[$0]++' > data/processed/site_list/sites_NA11881 NA12760_vs_HG00142.tsv
        (one of the commands exited with non-zero exit code; note that snakemake uses bash strict mode!)

[Wed Jun 17 23:24:00 2026]
Error in rule generate_site_list:
    jobid: 11
    input: data/processed/chrX_no_par.bcf, data/processed/chrX_no_par.bcf.csi
    output: data/processed/site_list/sites_HG01608 HG02233_vs_HG00142.tsv
    conda-env: /net/snowwhite/home/beckandy/research/SynthDiEv/.snakemake/conda/b86e7158d0b38816acfc5261ea6f1f27_
    shell:
        bcftools view -v snps -Ou $VCF | bcftools view -s HG01608 HG02233,HG00142 -Ou |bcftools query  -f '%CHROM	%POS
' | tr -s ' ' |awk '!seen[$0]++' > data/processed/site_list/sites_HG01608 HG02233_vs_HG00142.tsv
        (one of the commands exited with non-zero exit code; note that snakemake uses bash strict mode!)

[Wed Jun 17 23:24:00 2026]
Error in rule generate_site_list:
    jobid: 1
    input: data/processed/chrX_no_par.bcf, data/processed/chrX_no_par.bcf.csi
    output: data/processed/site_list/sites_HG00138_vs_HG00142.tsv
    conda-env: /net/snowwhite/home/beckandy/research/SynthDiEv/.snakemake/conda/b86e7158d0b38816acfc5261ea6f1f27_
    shell:
        bcftools view -v snps -Ou $VCF | bcftools view -s HG00138,HG00142 -Ou |bcftools query  -f '%CHROM	%POS
' | tr -s ' ' |awk '!seen[$0]++' > data/processed/site_list/sites_HG00138_vs_HG00142.tsv
        (one of the commands exited with non-zero exit code; note that snakemake uses bash strict mode!)

[Wed Jun 17 23:24:00 2026]
Error in rule generate_site_list:
    jobid: 4
    input: data/processed/chrX_no_par.bcf, data/processed/chrX_no_par.bcf.csi
    output: data/processed/site_list/sites_HG00138_vs_nan.tsv
    conda-env: /net/snowwhite/home/beckandy/research/SynthDiEv/.snakemake/conda/b86e7158d0b38816acfc5261ea6f1f27_
    shell:
        bcftools view -v snps -Ou $VCF | bcftools view -s HG00138,nan -Ou |bcftools query  -f '%CHROM	%POS
' | tr -s ' ' |awk '!seen[$0]++' > data/processed/site_list/sites_HG00138_vs_nan.tsv
        (one of the commands exited with non-zero exit code; note that snakemake uses bash strict mode!)

Removing output files of failed job generate_site_list since they might be corrupted:
data/processed/site_list/sites_HG00138_vs_HG00142.tsv
Removing output files of failed job generate_site_list since they might be corrupted:
data/processed/site_list/sites_HG00138_vs_nan.tsv
Shutting down, this might take some time.
Exiting because a job execution failed. Look above for error message
Complete log: .snakemake/log/2026-06-17T232358.429817.snakemake.log
