Building DAG of jobs...
Using shell: /usr/bin/bash
Provided cores: 20
Rules claiming more threads will be scaled down.
Conda environments: ignored
Job stats:
job                            count
---------------------------  -------
all                                1
convert_phased_bcf_to_vcf         25
create_paired_vcf                 25
create_temp_reference_panel       25
diploidifier                      25
evaluate_switch_errors            25
gzip_and_index                    25
gzip_phased_vcf                   25
shapeit_phase                     25
whatshap_compare                  25
total                            226

Select jobs to execute...

[Thu Jun 18 00:44:19 2026]
rule create_temp_reference_panel:
    input: data/processed/chrX_no_par.bcf, data/processed/chrX_no_par.bcf.csi, /net/snowwhite/home/beckandy/research/phasing_clean/data/ref_GRCh38.fna
    output: data/processed/tmp/ref_panel_HG01608_NA12760.bcf, data/processed/tmp/ref_panel_HG01608_NA12760.bcf.csi
    jobid: 218
    reason: Missing output files: data/processed/tmp/ref_panel_HG01608_NA12760.bcf.csi, data/processed/tmp/ref_panel_HG01608_NA12760.bcf
    wildcards: p1=HG01608, p2=NA12760
    resources: tmpdir=/tmp


[Thu Jun 18 00:44:19 2026]
rule create_paired_vcf:
    input: data/processed/chrX_no_par.bcf, data/processed/site_list/sites_HG01608_HG02233.tsv
    output: data/processed/tmp/input_HG01608_HG02233.vcf.gz
    jobid: 225
    reason: Missing output files: data/processed/tmp/input_HG01608_HG02233.vcf.gz
    wildcards: p1=HG01608, p2=HG02233
    resources: tmpdir=/tmp


[Thu Jun 18 00:44:19 2026]
rule create_temp_reference_panel:
    input: data/processed/chrX_no_par.bcf, data/processed/chrX_no_par.bcf.csi, /net/snowwhite/home/beckandy/research/phasing_clean/data/ref_GRCh38.fna
    output: data/processed/tmp/ref_panel_HG00138_HG00109.bcf, data/processed/tmp/ref_panel_HG00138_HG00109.bcf.csi
    jobid: 20
    reason: Missing output files: data/processed/tmp/ref_panel_HG00138_HG00109.bcf, data/processed/tmp/ref_panel_HG00138_HG00109.bcf.csi
    wildcards: p1=HG00138, p2=HG00109
    resources: tmpdir=/tmp


[Thu Jun 18 00:44:19 2026]
rule create_temp_reference_panel:
    input: data/processed/chrX_no_par.bcf, data/processed/chrX_no_par.bcf.csi, /net/snowwhite/home/beckandy/research/phasing_clean/data/ref_GRCh38.fna
    output: data/processed/tmp/ref_panel_HG00252_HG00109.bcf, data/processed/tmp/ref_panel_HG00252_HG00109.bcf.csi
    jobid: 65
    reason: Missing output files: data/processed/tmp/ref_panel_HG00252_HG00109.bcf, data/processed/tmp/ref_panel_HG00252_HG00109.bcf.csi
    wildcards: p1=HG00252, p2=HG00109
    resources: tmpdir=/tmp


[Thu Jun 18 00:44:19 2026]
rule create_temp_reference_panel:
    input: data/processed/chrX_no_par.bcf, data/processed/chrX_no_par.bcf.csi, /net/snowwhite/home/beckandy/research/phasing_clean/data/ref_GRCh38.fna
    output: data/processed/tmp/ref_panel_HG01686_HG00109.bcf, data/processed/tmp/ref_panel_HG01686_HG00109.bcf.csi
    jobid: 110
    reason: Missing output files: data/processed/tmp/ref_panel_HG01686_HG00109.bcf.csi, data/processed/tmp/ref_panel_HG01686_HG00109.bcf
    wildcards: p1=HG01686, p2=HG00109
    resources: tmpdir=/tmp


[Thu Jun 18 00:44:19 2026]
rule create_paired_vcf:
    input: data/processed/chrX_no_par.bcf, data/processed/site_list/sites_HG01608_NA12760.tsv
    output: data/processed/tmp/input_HG01608_NA12760.vcf.gz
    jobid: 216
    reason: Missing output files: data/processed/tmp/input_HG01608_NA12760.vcf.gz
    wildcards: p1=HG01608, p2=NA12760
    resources: tmpdir=/tmp


[Thu Jun 18 00:44:19 2026]
rule create_paired_vcf:
    input: data/processed/chrX_no_par.bcf, data/processed/site_list/sites_HG00138_NA12760.tsv
    output: data/processed/tmp/input_HG00138_NA12760.vcf.gz
    jobid: 36
    reason: Missing output files: data/processed/tmp/input_HG00138_NA12760.vcf.gz
    wildcards: p1=HG00138, p2=NA12760
    resources: tmpdir=/tmp


[Thu Jun 18 00:44:19 2026]
rule create_paired_vcf:
    input: data/processed/chrX_no_par.bcf, data/processed/site_list/sites_HG01686_NA12760.tsv
    output: data/processed/tmp/input_HG01686_NA12760.vcf.gz
    jobid: 126
    reason: Missing output files: data/processed/tmp/input_HG01686_NA12760.vcf.gz
    wildcards: p1=HG01686, p2=NA12760
    resources: tmpdir=/tmp


[Thu Jun 18 00:44:19 2026]
rule create_paired_vcf:
    input: data/processed/chrX_no_par.bcf, data/processed/site_list/sites_NA11881_NA12760.tsv
    output: data/processed/tmp/input_NA11881_NA12760.vcf.gz
    jobid: 171
    reason: Missing output files: data/processed/tmp/input_NA11881_NA12760.vcf.gz
    wildcards: p1=NA11881, p2=NA12760
    resources: tmpdir=/tmp


[Thu Jun 18 00:44:19 2026]
rule create_paired_vcf:
    input: data/processed/chrX_no_par.bcf, data/processed/site_list/sites_HG00252_NA12760.tsv
    output: data/processed/tmp/input_HG00252_NA12760.vcf.gz
    jobid: 81
    reason: Missing output files: data/processed/tmp/input_HG00252_NA12760.vcf.gz
    wildcards: p1=HG00252, p2=NA12760
    resources: tmpdir=/tmp


[Thu Jun 18 00:44:19 2026]
rule create_temp_reference_panel:
    input: data/processed/chrX_no_par.bcf, data/processed/chrX_no_par.bcf.csi, /net/snowwhite/home/beckandy/research/phasing_clean/data/ref_GRCh38.fna
    output: data/processed/tmp/ref_panel_HG00138_HG01630.bcf, data/processed/tmp/ref_panel_HG00138_HG01630.bcf.csi
    jobid: 29
    reason: Missing output files: data/processed/tmp/ref_panel_HG00138_HG01630.bcf, data/processed/tmp/ref_panel_HG00138_HG01630.bcf.csi
    wildcards: p1=HG00138, p2=HG01630
    resources: tmpdir=/tmp


[Thu Jun 18 00:44:19 2026]
rule create_temp_reference_panel:
    input: data/processed/chrX_no_par.bcf, data/processed/chrX_no_par.bcf.csi, /net/snowwhite/home/beckandy/research/phasing_clean/data/ref_GRCh38.fna
    output: data/processed/tmp/ref_panel_HG00252_HG01630.bcf, data/processed/tmp/ref_panel_HG00252_HG01630.bcf.csi
    jobid: 74
    reason: Missing output files: data/processed/tmp/ref_panel_HG00252_HG01630.bcf.csi, data/processed/tmp/ref_panel_HG00252_HG01630.bcf
    wildcards: p1=HG00252, p2=HG01630
    resources: tmpdir=/tmp


[Thu Jun 18 00:44:19 2026]
rule create_temp_reference_panel:
    input: data/processed/chrX_no_par.bcf, data/processed/chrX_no_par.bcf.csi, /net/snowwhite/home/beckandy/research/phasing_clean/data/ref_GRCh38.fna
    output: data/processed/tmp/ref_panel_HG01608_HG01630.bcf, data/processed/tmp/ref_panel_HG01608_HG01630.bcf.csi
    jobid: 209
    reason: Missing output files: data/processed/tmp/ref_panel_HG01608_HG01630.bcf, data/processed/tmp/ref_panel_HG01608_HG01630.bcf.csi
    wildcards: p1=HG01608, p2=HG01630
    resources: tmpdir=/tmp


[Thu Jun 18 00:44:19 2026]
rule create_temp_reference_panel:
    input: data/processed/chrX_no_par.bcf, data/processed/chrX_no_par.bcf.csi, /net/snowwhite/home/beckandy/research/phasing_clean/data/ref_GRCh38.fna
    output: data/processed/tmp/ref_panel_NA11881_HG01630.bcf, data/processed/tmp/ref_panel_NA11881_HG01630.bcf.csi
    jobid: 164
    reason: Missing output files: data/processed/tmp/ref_panel_NA11881_HG01630.bcf, data/processed/tmp/ref_panel_NA11881_HG01630.bcf.csi
    wildcards: p1=NA11881, p2=HG01630
    resources: tmpdir=/tmp


[Thu Jun 18 00:44:19 2026]
rule create_temp_reference_panel:
    input: data/processed/chrX_no_par.bcf, data/processed/chrX_no_par.bcf.csi, /net/snowwhite/home/beckandy/research/phasing_clean/data/ref_GRCh38.fna
    output: data/processed/tmp/ref_panel_HG01686_HG01630.bcf, data/processed/tmp/ref_panel_HG01686_HG01630.bcf.csi
    jobid: 119
    reason: Missing output files: data/processed/tmp/ref_panel_HG01686_HG01630.bcf.csi, data/processed/tmp/ref_panel_HG01686_HG01630.bcf
    wildcards: p1=HG01686, p2=HG01630
    resources: tmpdir=/tmp


[Thu Jun 18 00:44:19 2026]
rule create_paired_vcf:
    input: data/processed/chrX_no_par.bcf, data/processed/site_list/sites_HG00138_HG00142.tsv
    output: data/processed/tmp/input_HG00138_HG00142.vcf.gz
    jobid: 7
    reason: Missing output files: data/processed/tmp/input_HG00138_HG00142.vcf.gz
    wildcards: p1=HG00138, p2=HG00142
    resources: tmpdir=/tmp


[Thu Jun 18 00:44:19 2026]
rule create_paired_vcf:
    input: data/processed/chrX_no_par.bcf, data/processed/site_list/sites_HG00252_HG02233.tsv
    output: data/processed/tmp/input_HG00252_HG02233.vcf.gz
    jobid: 90
    reason: Missing output files: data/processed/tmp/input_HG00252_HG02233.vcf.gz
    wildcards: p1=HG00252, p2=HG02233
    resources: tmpdir=/tmp


[Thu Jun 18 00:44:19 2026]
rule create_paired_vcf:
    input: data/processed/chrX_no_par.bcf, data/processed/site_list/sites_HG01686_HG02233.tsv
    output: data/processed/tmp/input_HG01686_HG02233.vcf.gz
    jobid: 135
    reason: Missing output files: data/processed/tmp/input_HG01686_HG02233.vcf.gz
    wildcards: p1=HG01686, p2=HG02233
    resources: tmpdir=/tmp


[Thu Jun 18 00:44:19 2026]
rule create_paired_vcf:
    input: data/processed/chrX_no_par.bcf, data/processed/site_list/sites_NA11881_HG02233.tsv
    output: data/processed/tmp/input_NA11881_HG02233.vcf.gz
    jobid: 180
    reason: Missing output files: data/processed/tmp/input_NA11881_HG02233.vcf.gz
    wildcards: p1=NA11881, p2=HG02233
    resources: tmpdir=/tmp


[Thu Jun 18 00:44:19 2026]
rule create_paired_vcf:
    input: data/processed/chrX_no_par.bcf, data/processed/site_list/sites_HG00138_HG02233.tsv
    output: data/processed/tmp/input_HG00138_HG02233.vcf.gz
    jobid: 45
    reason: Missing output files: data/processed/tmp/input_HG00138_HG02233.vcf.gz
    wildcards: p1=HG00138, p2=HG02233
    resources: tmpdir=/tmp

[Thu Jun 18 00:44:22 2026]
Finished job 135.
1 of 226 steps (0.4%) done
Select jobs to execute...

[Thu Jun 18 00:44:22 2026]
rule diploidifier:
    input: data/processed/tmp/input_HG01686_HG02233.vcf.gz
    output: data/processed/diploid/input_HG01686_HG02233_test.vcf, data/processed/diploid/input_HG01686_HG02233_truth.vcf
    jobid: 134
    reason: Missing output files: data/processed/diploid/input_HG01686_HG02233_test.vcf, data/processed/diploid/input_HG01686_HG02233_truth.vcf; Input files updated by another job: data/processed/tmp/input_HG01686_HG02233.vcf.gz
    wildcards: p1=HG01686, p2=HG02233
    resources: tmpdir=/tmp

[Thu Jun 18 00:44:22 2026]
Finished job 180.
2 of 226 steps (1%) done
Select jobs to execute...

[Thu Jun 18 00:44:22 2026]
rule diploidifier:
    input: data/processed/tmp/input_NA11881_HG02233.vcf.gz
    output: data/processed/diploid/input_NA11881_HG02233_test.vcf, data/processed/diploid/input_NA11881_HG02233_truth.vcf
    jobid: 179
    reason: Missing output files: data/processed/diploid/input_NA11881_HG02233_truth.vcf, data/processed/diploid/input_NA11881_HG02233_test.vcf; Input files updated by another job: data/processed/tmp/input_NA11881_HG02233.vcf.gz
    wildcards: p1=NA11881, p2=HG02233
    resources: tmpdir=/tmp

[Thu Jun 18 00:44:22 2026]
Finished job 90.
3 of 226 steps (1%) done
[Thu Jun 18 00:44:22 2026]
Finished job 7.
4 of 226 steps (2%) done
[Thu Jun 18 00:44:22 2026]
Finished job 171.
5 of 226 steps (2%) done
Select jobs to execute...

[Thu Jun 18 00:44:22 2026]
rule diploidifier:
    input: data/processed/tmp/input_NA11881_NA12760.vcf.gz
    output: data/processed/diploid/input_NA11881_NA12760_test.vcf, data/processed/diploid/input_NA11881_NA12760_truth.vcf
    jobid: 170
    reason: Missing output files: data/processed/diploid/input_NA11881_NA12760_truth.vcf, data/processed/diploid/input_NA11881_NA12760_test.vcf; Input files updated by another job: data/processed/tmp/input_NA11881_NA12760.vcf.gz
    wildcards: p1=NA11881, p2=NA12760
    resources: tmpdir=/tmp

[Thu Jun 18 00:44:22 2026]
rule diploidifier:
    input: data/processed/tmp/input_HG00138_HG00142.vcf.gz
    output: data/processed/diploid/input_HG00138_HG00142_test.vcf, data/processed/diploid/input_HG00138_HG00142_truth.vcf
    jobid: 6
    reason: Missing output files: data/processed/diploid/input_HG00138_HG00142_truth.vcf, data/processed/diploid/input_HG00138_HG00142_test.vcf; Input files updated by another job: data/processed/tmp/input_HG00138_HG00142.vcf.gz
    wildcards: p1=HG00138, p2=HG00142
    resources: tmpdir=/tmp

[Thu Jun 18 00:44:22 2026]
rule diploidifier:
    input: data/processed/tmp/input_HG00252_HG02233.vcf.gz
    output: data/processed/diploid/input_HG00252_HG02233_test.vcf, data/processed/diploid/input_HG00252_HG02233_truth.vcf
    jobid: 89
    reason: Missing output files: data/processed/diploid/input_HG00252_HG02233_test.vcf, data/processed/diploid/input_HG00252_HG02233_truth.vcf; Input files updated by another job: data/processed/tmp/input_HG00252_HG02233.vcf.gz
    wildcards: p1=HG00252, p2=HG02233
    resources: tmpdir=/tmp

[Thu Jun 18 00:44:22 2026]
Finished job 81.
6 of 226 steps (3%) done
[Thu Jun 18 00:44:22 2026]
Finished job 225.
7 of 226 steps (3%) done
[Thu Jun 18 00:44:22 2026]
Finished job 126.
8 of 226 steps (4%) done
Select jobs to execute...

[Thu Jun 18 00:44:22 2026]
rule diploidifier:
    input: data/processed/tmp/input_HG01608_HG02233.vcf.gz
    output: data/processed/diploid/input_HG01608_HG02233_test.vcf, data/processed/diploid/input_HG01608_HG02233_truth.vcf
    jobid: 224
    reason: Missing output files: data/processed/diploid/input_HG01608_HG02233_truth.vcf, data/processed/diploid/input_HG01608_HG02233_test.vcf; Input files updated by another job: data/processed/tmp/input_HG01608_HG02233.vcf.gz
    wildcards: p1=HG01608, p2=HG02233
    resources: tmpdir=/tmp


[Thu Jun 18 00:44:22 2026]
rule diploidifier:
    input: data/processed/tmp/input_HG00252_NA12760.vcf.gz
    output: data/processed/diploid/input_HG00252_NA12760_test.vcf, data/processed/diploid/input_HG00252_NA12760_truth.vcf
    jobid: 80
    reason: Missing output files: data/processed/diploid/input_HG00252_NA12760_truth.vcf, data/processed/diploid/input_HG00252_NA12760_test.vcf; Input files updated by another job: data/processed/tmp/input_HG00252_NA12760.vcf.gz
    wildcards: p1=HG00252, p2=NA12760
    resources: tmpdir=/tmp


[Thu Jun 18 00:44:22 2026]
rule diploidifier:
    input: data/processed/tmp/input_HG01686_NA12760.vcf.gz
    output: data/processed/diploid/input_HG01686_NA12760_test.vcf, data/processed/diploid/input_HG01686_NA12760_truth.vcf
    jobid: 125
    reason: Missing output files: data/processed/diploid/input_HG01686_NA12760_truth.vcf, data/processed/diploid/input_HG01686_NA12760_test.vcf; Input files updated by another job: data/processed/tmp/input_HG01686_NA12760.vcf.gz
    wildcards: p1=HG01686, p2=NA12760
    resources: tmpdir=/tmp

[Thu Jun 18 00:44:22 2026]
Finished job 45.
9 of 226 steps (4%) done
Select jobs to execute...

[Thu Jun 18 00:44:22 2026]
rule diploidifier:
    input: data/processed/tmp/input_HG00138_HG02233.vcf.gz
    output: data/processed/diploid/input_HG00138_HG02233_test.vcf, data/processed/diploid/input_HG00138_HG02233_truth.vcf
    jobid: 44
    reason: Missing output files: data/processed/diploid/input_HG00138_HG02233_test.vcf, data/processed/diploid/input_HG00138_HG02233_truth.vcf; Input files updated by another job: data/processed/tmp/input_HG00138_HG02233.vcf.gz
    wildcards: p1=HG00138, p2=HG02233
    resources: tmpdir=/tmp

Select jobs to execute...
[Thu Jun 18 00:44:22 2026]
Finished job 216.
10 of 226 steps (4%) done

[Thu Jun 18 00:44:22 2026]
rule diploidifier:
    input: data/processed/tmp/input_HG01608_NA12760.vcf.gz
    output: data/processed/diploid/input_HG01608_NA12760_test.vcf, data/processed/diploid/input_HG01608_NA12760_truth.vcf
    jobid: 215
    reason: Missing output files: data/processed/diploid/input_HG01608_NA12760_truth.vcf, data/processed/diploid/input_HG01608_NA12760_test.vcf; Input files updated by another job: data/processed/tmp/input_HG01608_NA12760.vcf.gz
    wildcards: p1=HG01608, p2=NA12760
    resources: tmpdir=/tmp

[Thu Jun 18 00:44:23 2026]
Finished job 36.
11 of 226 steps (5%) done
Select jobs to execute...

[Thu Jun 18 00:44:23 2026]
rule diploidifier:
    input: data/processed/tmp/input_HG00138_NA12760.vcf.gz
    output: data/processed/diploid/input_HG00138_NA12760_test.vcf, data/processed/diploid/input_HG00138_NA12760_truth.vcf
    jobid: 35
    reason: Missing output files: data/processed/diploid/input_HG00138_NA12760_test.vcf, data/processed/diploid/input_HG00138_NA12760_truth.vcf; Input files updated by another job: data/processed/tmp/input_HG00138_NA12760.vcf.gz
    wildcards: p1=HG00138, p2=NA12760
    resources: tmpdir=/tmp

[Thu Jun 18 00:44:33 2026]
Finished job 134.
12 of 226 steps (5%) done
Removing temporary output data/processed/tmp/input_HG01686_HG02233.vcf.gz.
Select jobs to execute...

[Thu Jun 18 00:44:33 2026]
rule gzip_and_index:
    input: data/processed/diploid/input_HG01686_HG02233_test.vcf, data/processed/diploid/input_HG01686_HG02233_truth.vcf
    output: data/processed/diploid/input_HG01686_HG02233_test.vcf.gz, data/processed/diploid/input_HG01686_HG02233_test.vcf.gz.csi, data/processed/diploid/input_HG01686_HG02233_truth.vcf.gz
    jobid: 133
    reason: Input files updated by another job: data/processed/diploid/input_HG01686_HG02233_test.vcf, data/processed/diploid/input_HG01686_HG02233_truth.vcf
    wildcards: p1=HG01686, p2=HG02233
    resources: tmpdir=/tmp

[Thu Jun 18 00:44:33 2026]
Finished job 44.
13 of 226 steps (6%) done
Removing temporary output data/processed/tmp/input_HG00138_HG02233.vcf.gz.
Select jobs to execute...

[Thu Jun 18 00:44:33 2026]
rule gzip_and_index:
    input: data/processed/diploid/input_HG00138_HG02233_test.vcf, data/processed/diploid/input_HG00138_HG02233_truth.vcf
    output: data/processed/diploid/input_HG00138_HG02233_test.vcf.gz, data/processed/diploid/input_HG00138_HG02233_test.vcf.gz.csi, data/processed/diploid/input_HG00138_HG02233_truth.vcf.gz
    jobid: 43
    reason: Input files updated by another job: data/processed/diploid/input_HG00138_HG02233_test.vcf, data/processed/diploid/input_HG00138_HG02233_truth.vcf
    wildcards: p1=HG00138, p2=HG02233
    resources: tmpdir=/tmp

[Thu Jun 18 00:44:33 2026]
Finished job 179.
14 of 226 steps (6%) done
Removing temporary output data/processed/tmp/input_NA11881_HG02233.vcf.gz.
Select jobs to execute...

[Thu Jun 18 00:44:33 2026]
rule gzip_and_index:
    input: data/processed/diploid/input_NA11881_HG02233_test.vcf, data/processed/diploid/input_NA11881_HG02233_truth.vcf
    output: data/processed/diploid/input_NA11881_HG02233_test.vcf.gz, data/processed/diploid/input_NA11881_HG02233_test.vcf.gz.csi, data/processed/diploid/input_NA11881_HG02233_truth.vcf.gz
    jobid: 178
    reason: Input files updated by another job: data/processed/diploid/input_NA11881_HG02233_truth.vcf, data/processed/diploid/input_NA11881_HG02233_test.vcf
    wildcards: p1=NA11881, p2=HG02233
    resources: tmpdir=/tmp

[Thu Jun 18 00:44:33 2026]
Finished job 89.
15 of 226 steps (7%) done
Removing temporary output data/processed/tmp/input_HG00252_HG02233.vcf.gz.
Select jobs to execute...

[Thu Jun 18 00:44:33 2026]
rule gzip_and_index:
    input: data/processed/diploid/input_HG00252_HG02233_test.vcf, data/processed/diploid/input_HG00252_HG02233_truth.vcf
    output: data/processed/diploid/input_HG00252_HG02233_test.vcf.gz, data/processed/diploid/input_HG00252_HG02233_test.vcf.gz.csi, data/processed/diploid/input_HG00252_HG02233_truth.vcf.gz
    jobid: 88
    reason: Input files updated by another job: data/processed/diploid/input_HG00252_HG02233_test.vcf, data/processed/diploid/input_HG00252_HG02233_truth.vcf
    wildcards: p1=HG00252, p2=HG02233
    resources: tmpdir=/tmp

[Thu Jun 18 00:44:33 2026]
Finished job 170.
16 of 226 steps (7%) done
Removing temporary output data/processed/tmp/input_NA11881_NA12760.vcf.gz.
Select jobs to execute...

[Thu Jun 18 00:44:33 2026]
rule gzip_and_index:
    input: data/processed/diploid/input_NA11881_NA12760_test.vcf, data/processed/diploid/input_NA11881_NA12760_truth.vcf
    output: data/processed/diploid/input_NA11881_NA12760_test.vcf.gz, data/processed/diploid/input_NA11881_NA12760_test.vcf.gz.csi, data/processed/diploid/input_NA11881_NA12760_truth.vcf.gz
    jobid: 169
    reason: Input files updated by another job: data/processed/diploid/input_NA11881_NA12760_truth.vcf, data/processed/diploid/input_NA11881_NA12760_test.vcf
    wildcards: p1=NA11881, p2=NA12760
    resources: tmpdir=/tmp

[Thu Jun 18 00:44:33 2026]
Finished job 125.
17 of 226 steps (8%) done
Removing temporary output data/processed/tmp/input_HG01686_NA12760.vcf.gz.
Select jobs to execute...

[Thu Jun 18 00:44:33 2026]
rule gzip_and_index:
    input: data/processed/diploid/input_HG01686_NA12760_test.vcf, data/processed/diploid/input_HG01686_NA12760_truth.vcf
    output: data/processed/diploid/input_HG01686_NA12760_test.vcf.gz, data/processed/diploid/input_HG01686_NA12760_test.vcf.gz.csi, data/processed/diploid/input_HG01686_NA12760_truth.vcf.gz
    jobid: 124
    reason: Input files updated by another job: data/processed/diploid/input_HG01686_NA12760_truth.vcf, data/processed/diploid/input_HG01686_NA12760_test.vcf
    wildcards: p1=HG01686, p2=NA12760
    resources: tmpdir=/tmp

[Thu Jun 18 00:44:33 2026]
Finished job 224.
18 of 226 steps (8%) done
Removing temporary output data/processed/tmp/input_HG01608_HG02233.vcf.gz.
Select jobs to execute...

[Thu Jun 18 00:44:33 2026]
rule gzip_and_index:
    input: data/processed/diploid/input_HG01608_HG02233_test.vcf, data/processed/diploid/input_HG01608_HG02233_truth.vcf
    output: data/processed/diploid/input_HG01608_HG02233_test.vcf.gz, data/processed/diploid/input_HG01608_HG02233_test.vcf.gz.csi, data/processed/diploid/input_HG01608_HG02233_truth.vcf.gz
    jobid: 223
    reason: Input files updated by another job: data/processed/diploid/input_HG01608_HG02233_truth.vcf, data/processed/diploid/input_HG01608_HG02233_test.vcf
    wildcards: p1=HG01608, p2=HG02233
    resources: tmpdir=/tmp

[Thu Jun 18 00:44:33 2026]
Finished job 35.
19 of 226 steps (8%) done
Removing temporary output data/processed/tmp/input_HG00138_NA12760.vcf.gz.
Select jobs to execute...

[Thu Jun 18 00:44:33 2026]
rule gzip_and_index:
    input: data/processed/diploid/input_HG00138_NA12760_test.vcf, data/processed/diploid/input_HG00138_NA12760_truth.vcf
    output: data/processed/diploid/input_HG00138_NA12760_test.vcf.gz, data/processed/diploid/input_HG00138_NA12760_test.vcf.gz.csi, data/processed/diploid/input_HG00138_NA12760_truth.vcf.gz
    jobid: 34
    reason: Input files updated by another job: data/processed/diploid/input_HG00138_NA12760_test.vcf, data/processed/diploid/input_HG00138_NA12760_truth.vcf
    wildcards: p1=HG00138, p2=NA12760
    resources: tmpdir=/tmp

[Thu Jun 18 00:44:33 2026]
Finished job 80.
20 of 226 steps (9%) done
Removing temporary output data/processed/tmp/input_HG00252_NA12760.vcf.gz.
[Thu Jun 18 00:44:33 2026]
Finished job 6.
21 of 226 steps (9%) done
Removing temporary output data/processed/tmp/input_HG00138_HG00142.vcf.gz.
Select jobs to execute...

[Thu Jun 18 00:44:33 2026]
rule gzip_and_index:
    input: data/processed/diploid/input_HG00252_NA12760_test.vcf, data/processed/diploid/input_HG00252_NA12760_truth.vcf
    output: data/processed/diploid/input_HG00252_NA12760_test.vcf.gz, data/processed/diploid/input_HG00252_NA12760_test.vcf.gz.csi, data/processed/diploid/input_HG00252_NA12760_truth.vcf.gz
    jobid: 79
    reason: Input files updated by another job: data/processed/diploid/input_HG00252_NA12760_truth.vcf, data/processed/diploid/input_HG00252_NA12760_test.vcf
    wildcards: p1=HG00252, p2=NA12760
    resources: tmpdir=/tmp


[Thu Jun 18 00:44:33 2026]
rule gzip_and_index:
    input: data/processed/diploid/input_HG00138_HG00142_test.vcf, data/processed/diploid/input_HG00138_HG00142_truth.vcf
    output: data/processed/diploid/input_HG00138_HG00142_test.vcf.gz, data/processed/diploid/input_HG00138_HG00142_test.vcf.gz.csi, data/processed/diploid/input_HG00138_HG00142_truth.vcf.gz
    jobid: 5
    reason: Input files updated by another job: data/processed/diploid/input_HG00138_HG00142_truth.vcf, data/processed/diploid/input_HG00138_HG00142_test.vcf
    wildcards: p1=HG00138, p2=HG00142
    resources: tmpdir=/tmp

Select jobs to execute...
[Thu Jun 18 00:44:34 2026]
Finished job 215.
22 of 226 steps (10%) done
Removing temporary output data/processed/tmp/input_HG01608_NA12760.vcf.gz.

[Thu Jun 18 00:44:34 2026]
rule gzip_and_index:
    input: data/processed/diploid/input_HG01608_NA12760_test.vcf, data/processed/diploid/input_HG01608_NA12760_truth.vcf
    output: data/processed/diploid/input_HG01608_NA12760_test.vcf.gz, data/processed/diploid/input_HG01608_NA12760_test.vcf.gz.csi, data/processed/diploid/input_HG01608_NA12760_truth.vcf.gz
    jobid: 214
    reason: Input files updated by another job: data/processed/diploid/input_HG01608_NA12760_truth.vcf, data/processed/diploid/input_HG01608_NA12760_test.vcf
    wildcards: p1=HG01608, p2=NA12760
    resources: tmpdir=/tmp

[Thu Jun 18 00:44:34 2026]
Finished job 133.
23 of 226 steps (10%) done
Removing temporary output data/processed/diploid/input_HG01686_HG02233_test.vcf.
Select jobs to execute...

[Thu Jun 18 00:44:34 2026]
rule create_temp_reference_panel:
    input: data/processed/chrX_no_par.bcf, data/processed/chrX_no_par.bcf.csi, /net/snowwhite/home/beckandy/research/phasing_clean/data/ref_GRCh38.fna
    output: data/processed/tmp/ref_panel_HG01686_NA12760.bcf, data/processed/tmp/ref_panel_HG01686_NA12760.bcf.csi
    jobid: 128
    reason: Missing output files: data/processed/tmp/ref_panel_HG01686_NA12760.bcf.csi, data/processed/tmp/ref_panel_HG01686_NA12760.bcf
    wildcards: p1=HG01686, p2=NA12760
    resources: tmpdir=/tmp

[Thu Jun 18 00:44:34 2026]
Finished job 169.
24 of 226 steps (11%) done
Removing temporary output data/processed/diploid/input_NA11881_NA12760_test.vcf.
Select jobs to execute...

[Thu Jun 18 00:44:34 2026]
rule create_temp_reference_panel:
    input: data/processed/chrX_no_par.bcf, data/processed/chrX_no_par.bcf.csi, /net/snowwhite/home/beckandy/research/phasing_clean/data/ref_GRCh38.fna
    output: data/processed/tmp/ref_panel_NA11881_NA12760.bcf, data/processed/tmp/ref_panel_NA11881_NA12760.bcf.csi
    jobid: 173
    reason: Missing output files: data/processed/tmp/ref_panel_NA11881_NA12760.bcf.csi, data/processed/tmp/ref_panel_NA11881_NA12760.bcf
    wildcards: p1=NA11881, p2=NA12760
    resources: tmpdir=/tmp

[Thu Jun 18 00:44:34 2026]
Finished job 43.
25 of 226 steps (11%) done
Removing temporary output data/processed/diploid/input_HG00138_HG02233_test.vcf.
Select jobs to execute...

[Thu Jun 18 00:44:34 2026]
rule create_temp_reference_panel:
    input: data/processed/chrX_no_par.bcf, data/processed/chrX_no_par.bcf.csi, /net/snowwhite/home/beckandy/research/phasing_clean/data/ref_GRCh38.fna
    output: data/processed/tmp/ref_panel_HG00138_NA12760.bcf, data/processed/tmp/ref_panel_HG00138_NA12760.bcf.csi
    jobid: 38
    reason: Missing output files: data/processed/tmp/ref_panel_HG00138_NA12760.bcf.csi, data/processed/tmp/ref_panel_HG00138_NA12760.bcf
    wildcards: p1=HG00138, p2=NA12760
    resources: tmpdir=/tmp

[Thu Jun 18 00:44:34 2026]
Finished job 178.
26 of 226 steps (12%) done
Removing temporary output data/processed/diploid/input_NA11881_HG02233_test.vcf.
Select jobs to execute...

[Thu Jun 18 00:44:34 2026]
rule create_paired_vcf:
    input: data/processed/chrX_no_par.bcf, data/processed/site_list/sites_NA11881_HG00142.tsv
    output: data/processed/tmp/input_NA11881_HG00142.vcf.gz
    jobid: 144
    reason: Missing output files: data/processed/tmp/input_NA11881_HG00142.vcf.gz
    wildcards: p1=NA11881, p2=HG00142
    resources: tmpdir=/tmp

[Thu Jun 18 00:44:34 2026]
Finished job 88.
27 of 226 steps (12%) done
Removing temporary output data/processed/diploid/input_HG00252_HG02233_test.vcf.
Select jobs to execute...

[Thu Jun 18 00:44:34 2026]
rule create_paired_vcf:
    input: data/processed/chrX_no_par.bcf, data/processed/site_list/sites_HG01608_HG00142.tsv
    output: data/processed/tmp/input_HG01608_HG00142.vcf.gz
    jobid: 189
    reason: Missing output files: data/processed/tmp/input_HG01608_HG00142.vcf.gz
    wildcards: p1=HG01608, p2=HG00142
    resources: tmpdir=/tmp

[Thu Jun 18 00:44:34 2026]
Finished job 124.
28 of 226 steps (12%) done
Removing temporary output data/processed/diploid/input_HG01686_NA12760_test.vcf.
Select jobs to execute...

[Thu Jun 18 00:44:34 2026]
rule create_paired_vcf:
    input: data/processed/chrX_no_par.bcf, data/processed/site_list/sites_HG00252_HG00142.tsv
    output: data/processed/tmp/input_HG00252_HG00142.vcf.gz
    jobid: 54
    reason: Missing output files: data/processed/tmp/input_HG00252_HG00142.vcf.gz
    wildcards: p1=HG00252, p2=HG00142
    resources: tmpdir=/tmp

[Thu Jun 18 00:44:34 2026]
Finished job 34.
29 of 226 steps (13%) done
Removing temporary output data/processed/diploid/input_HG00138_NA12760_test.vcf.
Select jobs to execute...

[Thu Jun 18 00:44:34 2026]
rule create_paired_vcf:
    input: data/processed/chrX_no_par.bcf, data/processed/site_list/sites_HG01686_HG00142.tsv
    output: data/processed/tmp/input_HG01686_HG00142.vcf.gz
    jobid: 99
    reason: Missing output files: data/processed/tmp/input_HG01686_HG00142.vcf.gz
    wildcards: p1=HG01686, p2=HG00142
    resources: tmpdir=/tmp

[Thu Jun 18 00:44:34 2026]
Finished job 223.
30 of 226 steps (13%) done
Removing temporary output data/processed/diploid/input_HG01608_HG02233_test.vcf.
Select jobs to execute...

[Thu Jun 18 00:44:34 2026]
rule create_temp_reference_panel:
    input: data/processed/chrX_no_par.bcf, data/processed/chrX_no_par.bcf.csi, /net/snowwhite/home/beckandy/research/phasing_clean/data/ref_GRCh38.fna
    output: data/processed/tmp/ref_panel_HG00252_HG02233.bcf, data/processed/tmp/ref_panel_HG00252_HG02233.bcf.csi
    jobid: 92
    reason: Missing output files: data/processed/tmp/ref_panel_HG00252_HG02233.bcf.csi, data/processed/tmp/ref_panel_HG00252_HG02233.bcf
    wildcards: p1=HG00252, p2=HG02233
    resources: tmpdir=/tmp

[Thu Jun 18 00:44:34 2026]
Finished job 79.
31 of 226 steps (14%) done
Removing temporary output data/processed/diploid/input_HG00252_NA12760_test.vcf.
Select jobs to execute...

[Thu Jun 18 00:44:34 2026]
rule create_temp_reference_panel:
    input: data/processed/chrX_no_par.bcf, data/processed/chrX_no_par.bcf.csi, /net/snowwhite/home/beckandy/research/phasing_clean/data/ref_GRCh38.fna
    output: data/processed/tmp/ref_panel_HG01686_HG02233.bcf, data/processed/tmp/ref_panel_HG01686_HG02233.bcf.csi
    jobid: 137
    reason: Missing output files: data/processed/tmp/ref_panel_HG01686_HG02233.bcf, data/processed/tmp/ref_panel_HG01686_HG02233.bcf.csi
    wildcards: p1=HG01686, p2=HG02233
    resources: tmpdir=/tmp

[Thu Jun 18 00:44:34 2026]
Finished job 5.
32 of 226 steps (14%) done
Removing temporary output data/processed/diploid/input_HG00138_HG00142_test.vcf.
Select jobs to execute...

[Thu Jun 18 00:44:34 2026]
rule create_temp_reference_panel:
    input: data/processed/chrX_no_par.bcf, data/processed/chrX_no_par.bcf.csi, /net/snowwhite/home/beckandy/research/phasing_clean/data/ref_GRCh38.fna
    output: data/processed/tmp/ref_panel_NA11881_HG02233.bcf, data/processed/tmp/ref_panel_NA11881_HG02233.bcf.csi
    jobid: 182
    reason: Missing output files: data/processed/tmp/ref_panel_NA11881_HG02233.bcf.csi, data/processed/tmp/ref_panel_NA11881_HG02233.bcf
    wildcards: p1=NA11881, p2=HG02233
    resources: tmpdir=/tmp

[Thu Jun 18 00:44:35 2026]
Finished job 214.
33 of 226 steps (15%) done
Removing temporary output data/processed/diploid/input_HG01608_NA12760_test.vcf.
Select jobs to execute...

[Thu Jun 18 00:44:35 2026]
rule create_temp_reference_panel:
    input: data/processed/chrX_no_par.bcf, data/processed/chrX_no_par.bcf.csi, /net/snowwhite/home/beckandy/research/phasing_clean/data/ref_GRCh38.fna
    output: data/processed/tmp/ref_panel_HG01608_HG02233.bcf, data/processed/tmp/ref_panel_HG01608_HG02233.bcf.csi
    jobid: 227
    reason: Missing output files: data/processed/tmp/ref_panel_HG01608_HG02233.bcf.csi, data/processed/tmp/ref_panel_HG01608_HG02233.bcf
    wildcards: p1=HG01608, p2=HG02233
    resources: tmpdir=/tmp

[Thu Jun 18 00:44:37 2026]
Finished job 54.
34 of 226 steps (15%) done
Select jobs to execute...

[Thu Jun 18 00:44:37 2026]
rule diploidifier:
    input: data/processed/tmp/input_HG00252_HG00142.vcf.gz
    output: data/processed/diploid/input_HG00252_HG00142_test.vcf, data/processed/diploid/input_HG00252_HG00142_truth.vcf
    jobid: 53
    reason: Missing output files: data/processed/diploid/input_HG00252_HG00142_truth.vcf, data/processed/diploid/input_HG00252_HG00142_test.vcf; Input files updated by another job: data/processed/tmp/input_HG00252_HG00142.vcf.gz
    wildcards: p1=HG00252, p2=HG00142
    resources: tmpdir=/tmp

[Thu Jun 18 00:44:37 2026]
Finished job 189.
35 of 226 steps (15%) done
Select jobs to execute...

[Thu Jun 18 00:44:37 2026]
rule diploidifier:
    input: data/processed/tmp/input_HG01608_HG00142.vcf.gz
    output: data/processed/diploid/input_HG01608_HG00142_test.vcf, data/processed/diploid/input_HG01608_HG00142_truth.vcf
    jobid: 188
    reason: Missing output files: data/processed/diploid/input_HG01608_HG00142_truth.vcf, data/processed/diploid/input_HG01608_HG00142_test.vcf; Input files updated by another job: data/processed/tmp/input_HG01608_HG00142.vcf.gz
    wildcards: p1=HG01608, p2=HG00142
    resources: tmpdir=/tmp

[Thu Jun 18 00:44:37 2026]
Finished job 99.
36 of 226 steps (16%) done
Select jobs to execute...

[Thu Jun 18 00:44:37 2026]
rule diploidifier:
    input: data/processed/tmp/input_HG01686_HG00142.vcf.gz
    output: data/processed/diploid/input_HG01686_HG00142_test.vcf, data/processed/diploid/input_HG01686_HG00142_truth.vcf
    jobid: 98
    reason: Missing output files: data/processed/diploid/input_HG01686_HG00142_test.vcf, data/processed/diploid/input_HG01686_HG00142_truth.vcf; Input files updated by another job: data/processed/tmp/input_HG01686_HG00142.vcf.gz
    wildcards: p1=HG01686, p2=HG00142
    resources: tmpdir=/tmp

[Thu Jun 18 00:44:38 2026]
Finished job 144.
37 of 226 steps (16%) done
Select jobs to execute...

[Thu Jun 18 00:44:38 2026]
rule diploidifier:
    input: data/processed/tmp/input_NA11881_HG00142.vcf.gz
    output: data/processed/diploid/input_NA11881_HG00142_test.vcf, data/processed/diploid/input_NA11881_HG00142_truth.vcf
    jobid: 143
    reason: Missing output files: data/processed/diploid/input_NA11881_HG00142_truth.vcf, data/processed/diploid/input_NA11881_HG00142_test.vcf; Input files updated by another job: data/processed/tmp/input_NA11881_HG00142.vcf.gz
    wildcards: p1=NA11881, p2=HG00142
    resources: tmpdir=/tmp

[Thu Jun 18 00:44:47 2026]
Finished job 218.
38 of 226 steps (17%) done
Select jobs to execute...

[Thu Jun 18 00:44:47 2026]
rule create_temp_reference_panel:
    input: data/processed/chrX_no_par.bcf, data/processed/chrX_no_par.bcf.csi, /net/snowwhite/home/beckandy/research/phasing_clean/data/ref_GRCh38.fna
    output: data/processed/tmp/ref_panel_HG00138_HG02233.bcf, data/processed/tmp/ref_panel_HG00138_HG02233.bcf.csi
    jobid: 47
    reason: Missing output files: data/processed/tmp/ref_panel_HG00138_HG02233.bcf.csi, data/processed/tmp/ref_panel_HG00138_HG02233.bcf
    wildcards: p1=HG00138, p2=HG02233
    resources: tmpdir=/tmp

[Thu Jun 18 00:44:47 2026]
Finished job 110.
39 of 226 steps (17%) done
Select jobs to execute...

[Thu Jun 18 00:44:47 2026]
rule create_paired_vcf:
    input: data/processed/chrX_no_par.bcf, data/processed/site_list/sites_NA11881_HG00109.tsv
    output: data/processed/tmp/input_NA11881_HG00109.vcf.gz
    jobid: 153
    reason: Missing output files: data/processed/tmp/input_NA11881_HG00109.vcf.gz
    wildcards: p1=NA11881, p2=HG00109
    resources: tmpdir=/tmp

[Thu Jun 18 00:44:47 2026]
Finished job 65.
40 of 226 steps (18%) done
[Thu Jun 18 00:44:47 2026]
Finished job 29.
41 of 226 steps (18%) done
[Thu Jun 18 00:44:47 2026]
Finished job 74.
42 of 226 steps (19%) done
Select jobs to execute...

[Thu Jun 18 00:44:47 2026]
rule create_temp_reference_panel:
    input: data/processed/chrX_no_par.bcf, data/processed/chrX_no_par.bcf.csi, /net/snowwhite/home/beckandy/research/phasing_clean/data/ref_GRCh38.fna
    output: data/processed/tmp/ref_panel_HG00252_NA12760.bcf, data/processed/tmp/ref_panel_HG00252_NA12760.bcf.csi
    jobid: 83
    reason: Missing output files: data/processed/tmp/ref_panel_HG00252_NA12760.bcf.csi, data/processed/tmp/ref_panel_HG00252_NA12760.bcf
    wildcards: p1=HG00252, p2=NA12760
    resources: tmpdir=/tmp


[Thu Jun 18 00:44:47 2026]
rule create_paired_vcf:
    input: data/processed/chrX_no_par.bcf, data/processed/site_list/sites_HG00252_HG00109.tsv
    output: data/processed/tmp/input_HG00252_HG00109.vcf.gz
    jobid: 63
    reason: Missing output files: data/processed/tmp/input_HG00252_HG00109.vcf.gz
    wildcards: p1=HG00252, p2=HG00109
    resources: tmpdir=/tmp


[Thu Jun 18 00:44:47 2026]
rule create_paired_vcf:
    input: data/processed/chrX_no_par.bcf, data/processed/site_list/sites_HG01686_HG00109.tsv
    output: data/processed/tmp/input_HG01686_HG00109.vcf.gz
    jobid: 108
    reason: Missing output files: data/processed/tmp/input_HG01686_HG00109.vcf.gz
    wildcards: p1=HG01686, p2=HG00109
    resources: tmpdir=/tmp

[Thu Jun 18 00:44:47 2026]
Finished job 164.
43 of 226 steps (19%) done
[Thu Jun 18 00:44:47 2026]
Finished job 53.
44 of 226 steps (19%) done
Removing temporary output data/processed/tmp/input_HG00252_HG00142.vcf.gz.
Select jobs to execute...

[Thu Jun 18 00:44:47 2026]
rule gzip_and_index:
    input: data/processed/diploid/input_HG00252_HG00142_test.vcf, data/processed/diploid/input_HG00252_HG00142_truth.vcf
    output: data/processed/diploid/input_HG00252_HG00142_test.vcf.gz, data/processed/diploid/input_HG00252_HG00142_test.vcf.gz.csi, data/processed/diploid/input_HG00252_HG00142_truth.vcf.gz
    jobid: 52
    reason: Input files updated by another job: data/processed/diploid/input_HG00252_HG00142_truth.vcf, data/processed/diploid/input_HG00252_HG00142_test.vcf
    wildcards: p1=HG00252, p2=HG00142
    resources: tmpdir=/tmp


[Thu Jun 18 00:44:47 2026]
rule create_paired_vcf:
    input: data/processed/chrX_no_par.bcf, data/processed/site_list/sites_HG00138_HG01630.tsv
    output: data/processed/tmp/input_HG00138_HG01630.vcf.gz
    jobid: 27
    reason: Missing output files: data/processed/tmp/input_HG00138_HG01630.vcf.gz
    wildcards: p1=HG00138, p2=HG01630
    resources: tmpdir=/tmp

[Thu Jun 18 00:44:48 2026]
Finished job 20.
45 of 226 steps (20%) done
Select jobs to execute...

[Thu Jun 18 00:44:48 2026]
rule create_paired_vcf:
    input: data/processed/chrX_no_par.bcf, data/processed/site_list/sites_HG01608_HG01630.tsv
    output: data/processed/tmp/input_HG01608_HG01630.vcf.gz
    jobid: 207
    reason: Missing output files: data/processed/tmp/input_HG01608_HG01630.vcf.gz
    wildcards: p1=HG01608, p2=HG01630
    resources: tmpdir=/tmp

Select jobs to execute...
[Thu Jun 18 00:44:48 2026]
Finished job 119.
46 of 226 steps (20%) done

[Thu Jun 18 00:44:48 2026]
rule create_paired_vcf:
    input: data/processed/chrX_no_par.bcf, data/processed/site_list/sites_HG00252_HG01630.tsv
    output: data/processed/tmp/input_HG00252_HG01630.vcf.gz
    jobid: 72
    reason: Missing output files: data/processed/tmp/input_HG00252_HG01630.vcf.gz
    wildcards: p1=HG00252, p2=HG01630
    resources: tmpdir=/tmp

[Thu Jun 18 00:44:48 2026]
Finished job 188.
47 of 226 steps (21%) done
Removing temporary output data/processed/tmp/input_HG01608_HG00142.vcf.gz.
Select jobs to execute...

[Thu Jun 18 00:44:48 2026]
rule gzip_and_index:
    input: data/processed/diploid/input_HG01608_HG00142_test.vcf, data/processed/diploid/input_HG01608_HG00142_truth.vcf
    output: data/processed/diploid/input_HG01608_HG00142_test.vcf.gz, data/processed/diploid/input_HG01608_HG00142_test.vcf.gz.csi, data/processed/diploid/input_HG01608_HG00142_truth.vcf.gz
    jobid: 187
    reason: Input files updated by another job: data/processed/diploid/input_HG01608_HG00142_truth.vcf, data/processed/diploid/input_HG01608_HG00142_test.vcf
    wildcards: p1=HG01608, p2=HG00142
    resources: tmpdir=/tmp

[Thu Jun 18 00:44:48 2026]
Finished job 52.
48 of 226 steps (21%) done
Removing temporary output data/processed/diploid/input_HG00252_HG00142_test.vcf.
Select jobs to execute...

[Thu Jun 18 00:44:48 2026]
rule create_temp_reference_panel:
    input: data/processed/chrX_no_par.bcf, data/processed/chrX_no_par.bcf.csi, /net/snowwhite/home/beckandy/research/phasing_clean/data/ref_GRCh38.fna
    output: data/processed/tmp/ref_panel_HG01608_HG00142.bcf, data/processed/tmp/ref_panel_HG01608_HG00142.bcf.csi
    jobid: 191
    reason: Missing output files: data/processed/tmp/ref_panel_HG01608_HG00142.bcf, data/processed/tmp/ref_panel_HG01608_HG00142.bcf.csi
    wildcards: p1=HG01608, p2=HG00142
    resources: tmpdir=/tmp

[Thu Jun 18 00:44:48 2026]
Finished job 209.
49 of 226 steps (22%) done
Select jobs to execute...

[Thu Jun 18 00:44:48 2026]
rule create_temp_reference_panel:
    input: data/processed/chrX_no_par.bcf, data/processed/chrX_no_par.bcf.csi, /net/snowwhite/home/beckandy/research/phasing_clean/data/ref_GRCh38.fna
    output: data/processed/tmp/ref_panel_HG00252_HG00142.bcf, data/processed/tmp/ref_panel_HG00252_HG00142.bcf.csi
    jobid: 56
    reason: Missing output files: data/processed/tmp/ref_panel_HG00252_HG00142.bcf, data/processed/tmp/ref_panel_HG00252_HG00142.bcf.csi
    wildcards: p1=HG00252, p2=HG00142
    resources: tmpdir=/tmp

[Thu Jun 18 00:44:48 2026]
Finished job 143.
50 of 226 steps (22%) done
Removing temporary output data/processed/tmp/input_NA11881_HG00142.vcf.gz.
Select jobs to execute...

[Thu Jun 18 00:44:48 2026]
rule gzip_and_index:
    input: data/processed/diploid/input_NA11881_HG00142_test.vcf, data/processed/diploid/input_NA11881_HG00142_truth.vcf
    output: data/processed/diploid/input_NA11881_HG00142_test.vcf.gz, data/processed/diploid/input_NA11881_HG00142_test.vcf.gz.csi, data/processed/diploid/input_NA11881_HG00142_truth.vcf.gz
    jobid: 142
    reason: Input files updated by another job: data/processed/diploid/input_NA11881_HG00142_truth.vcf, data/processed/diploid/input_NA11881_HG00142_test.vcf
    wildcards: p1=NA11881, p2=HG00142
    resources: tmpdir=/tmp

[Thu Jun 18 00:44:49 2026]
Finished job 98.
51 of 226 steps (23%) done
Removing temporary output data/processed/tmp/input_HG01686_HG00142.vcf.gz.
Select jobs to execute...

[Thu Jun 18 00:44:49 2026]
rule gzip_and_index:
    input: data/processed/diploid/input_HG01686_HG00142_test.vcf, data/processed/diploid/input_HG01686_HG00142_truth.vcf
    output: data/processed/diploid/input_HG01686_HG00142_test.vcf.gz, data/processed/diploid/input_HG01686_HG00142_test.vcf.gz.csi, data/processed/diploid/input_HG01686_HG00142_truth.vcf.gz
    jobid: 97
    reason: Input files updated by another job: data/processed/diploid/input_HG01686_HG00142_test.vcf, data/processed/diploid/input_HG01686_HG00142_truth.vcf
    wildcards: p1=HG01686, p2=HG00142
    resources: tmpdir=/tmp

[Thu Jun 18 00:44:49 2026]
Finished job 187.
52 of 226 steps (23%) done
Removing temporary output data/processed/diploid/input_HG01608_HG00142_test.vcf.
Select jobs to execute...

[Thu Jun 18 00:44:49 2026]
rule create_temp_reference_panel:
    input: data/processed/chrX_no_par.bcf, data/processed/chrX_no_par.bcf.csi, /net/snowwhite/home/beckandy/research/phasing_clean/data/ref_GRCh38.fna
    output: data/processed/tmp/ref_panel_HG01686_HG00142.bcf, data/processed/tmp/ref_panel_HG01686_HG00142.bcf.csi
    jobid: 101
    reason: Missing output files: data/processed/tmp/ref_panel_HG01686_HG00142.bcf, data/processed/tmp/ref_panel_HG01686_HG00142.bcf.csi
    wildcards: p1=HG01686, p2=HG00142
    resources: tmpdir=/tmp

[Thu Jun 18 00:44:49 2026]
Finished job 142.
53 of 226 steps (23%) done
Removing temporary output data/processed/diploid/input_NA11881_HG00142_test.vcf.
Select jobs to execute...

[Thu Jun 18 00:44:49 2026]
rule create_temp_reference_panel:
    input: data/processed/chrX_no_par.bcf, data/processed/chrX_no_par.bcf.csi, /net/snowwhite/home/beckandy/research/phasing_clean/data/ref_GRCh38.fna
    output: data/processed/tmp/ref_panel_HG00138_HG00142.bcf, data/processed/tmp/ref_panel_HG00138_HG00142.bcf.csi
    jobid: 11
    reason: Missing output files: data/processed/tmp/ref_panel_HG00138_HG00142.bcf.csi, data/processed/tmp/ref_panel_HG00138_HG00142.bcf
    wildcards: p1=HG00138, p2=HG00142
    resources: tmpdir=/tmp

[Thu Jun 18 00:44:49 2026]
Finished job 97.
54 of 226 steps (24%) done
Removing temporary output data/processed/diploid/input_HG01686_HG00142_test.vcf.
Select jobs to execute...

[Thu Jun 18 00:44:49 2026]
rule create_temp_reference_panel:
    input: data/processed/chrX_no_par.bcf, data/processed/chrX_no_par.bcf.csi, /net/snowwhite/home/beckandy/research/phasing_clean/data/ref_GRCh38.fna
    output: data/processed/tmp/ref_panel_NA11881_HG00142.bcf, data/processed/tmp/ref_panel_NA11881_HG00142.bcf.csi
    jobid: 146
    reason: Missing output files: data/processed/tmp/ref_panel_NA11881_HG00142.bcf, data/processed/tmp/ref_panel_NA11881_HG00142.bcf.csi
    wildcards: p1=NA11881, p2=HG00142
    resources: tmpdir=/tmp

[Thu Jun 18 00:44:50 2026]
Finished job 63.
55 of 226 steps (24%) done
Select jobs to execute...

[Thu Jun 18 00:44:50 2026]
rule diploidifier:
    input: data/processed/tmp/input_HG00252_HG00109.vcf.gz
    output: data/processed/diploid/input_HG00252_HG00109_test.vcf, data/processed/diploid/input_HG00252_HG00109_truth.vcf
    jobid: 62
    reason: Missing output files: data/processed/diploid/input_HG00252_HG00109_truth.vcf, data/processed/diploid/input_HG00252_HG00109_test.vcf; Input files updated by another job: data/processed/tmp/input_HG00252_HG00109.vcf.gz
    wildcards: p1=HG00252, p2=HG00109
    resources: tmpdir=/tmp

[Thu Jun 18 00:44:50 2026]
Finished job 207.
56 of 226 steps (25%) done
Select jobs to execute...

[Thu Jun 18 00:44:50 2026]
rule diploidifier:
    input: data/processed/tmp/input_HG01608_HG01630.vcf.gz
    output: data/processed/diploid/input_HG01608_HG01630_test.vcf, data/processed/diploid/input_HG01608_HG01630_truth.vcf
    jobid: 206
    reason: Missing output files: data/processed/diploid/input_HG01608_HG01630_truth.vcf, data/processed/diploid/input_HG01608_HG01630_test.vcf; Input files updated by another job: data/processed/tmp/input_HG01608_HG01630.vcf.gz
    wildcards: p1=HG01608, p2=HG01630
    resources: tmpdir=/tmp

[Thu Jun 18 00:44:50 2026]
Finished job 27.
57 of 226 steps (25%) done
Select jobs to execute...

[Thu Jun 18 00:44:50 2026]
rule diploidifier:
    input: data/processed/tmp/input_HG00138_HG01630.vcf.gz
    output: data/processed/diploid/input_HG00138_HG01630_test.vcf, data/processed/diploid/input_HG00138_HG01630_truth.vcf
    jobid: 26
    reason: Missing output files: data/processed/diploid/input_HG00138_HG01630_test.vcf, data/processed/diploid/input_HG00138_HG01630_truth.vcf; Input files updated by another job: data/processed/tmp/input_HG00138_HG01630.vcf.gz
    wildcards: p1=HG00138, p2=HG01630
    resources: tmpdir=/tmp

[Thu Jun 18 00:44:51 2026]
Finished job 153.
58 of 226 steps (26%) done
Select jobs to execute...

[Thu Jun 18 00:44:51 2026]
rule diploidifier:
    input: data/processed/tmp/input_NA11881_HG00109.vcf.gz
    output: data/processed/diploid/input_NA11881_HG00109_test.vcf, data/processed/diploid/input_NA11881_HG00109_truth.vcf
    jobid: 152
    reason: Missing output files: data/processed/diploid/input_NA11881_HG00109_truth.vcf, data/processed/diploid/input_NA11881_HG00109_test.vcf; Input files updated by another job: data/processed/tmp/input_NA11881_HG00109.vcf.gz
    wildcards: p1=NA11881, p2=HG00109
    resources: tmpdir=/tmp

[Thu Jun 18 00:44:51 2026]
Finished job 72.
59 of 226 steps (26%) done
Select jobs to execute...

[Thu Jun 18 00:44:51 2026]
rule diploidifier:
    input: data/processed/tmp/input_HG00252_HG01630.vcf.gz
    output: data/processed/diploid/input_HG00252_HG01630_test.vcf, data/processed/diploid/input_HG00252_HG01630_truth.vcf
    jobid: 71
    reason: Missing output files: data/processed/diploid/input_HG00252_HG01630_test.vcf, data/processed/diploid/input_HG00252_HG01630_truth.vcf; Input files updated by another job: data/processed/tmp/input_HG00252_HG01630.vcf.gz
    wildcards: p1=HG00252, p2=HG01630
    resources: tmpdir=/tmp

[Thu Jun 18 00:44:51 2026]
Finished job 108.
60 of 226 steps (27%) done
Select jobs to execute...

[Thu Jun 18 00:44:51 2026]
rule diploidifier:
    input: data/processed/tmp/input_HG01686_HG00109.vcf.gz
    output: data/processed/diploid/input_HG01686_HG00109_test.vcf, data/processed/diploid/input_HG01686_HG00109_truth.vcf
    jobid: 107
    reason: Missing output files: data/processed/diploid/input_HG01686_HG00109_test.vcf, data/processed/diploid/input_HG01686_HG00109_truth.vcf; Input files updated by another job: data/processed/tmp/input_HG01686_HG00109.vcf.gz
    wildcards: p1=HG01686, p2=HG00109
    resources: tmpdir=/tmp

[Thu Jun 18 00:45:01 2026]
Finished job 62.
61 of 226 steps (27%) done
Removing temporary output data/processed/tmp/input_HG00252_HG00109.vcf.gz.
Select jobs to execute...

[Thu Jun 18 00:45:01 2026]
rule gzip_and_index:
    input: data/processed/diploid/input_HG00252_HG00109_test.vcf, data/processed/diploid/input_HG00252_HG00109_truth.vcf
    output: data/processed/diploid/input_HG00252_HG00109_test.vcf.gz, data/processed/diploid/input_HG00252_HG00109_test.vcf.gz.csi, data/processed/diploid/input_HG00252_HG00109_truth.vcf.gz
    jobid: 61
    reason: Input files updated by another job: data/processed/diploid/input_HG00252_HG00109_test.vcf, data/processed/diploid/input_HG00252_HG00109_truth.vcf
    wildcards: p1=HG00252, p2=HG00109
    resources: tmpdir=/tmp

[Thu Jun 18 00:45:01 2026]
Finished job 107.
62 of 226 steps (27%) done
Removing temporary output data/processed/tmp/input_HG01686_HG00109.vcf.gz.
Select jobs to execute...

[Thu Jun 18 00:45:01 2026]
rule gzip_and_index:
    input: data/processed/diploid/input_HG01686_HG00109_test.vcf, data/processed/diploid/input_HG01686_HG00109_truth.vcf
    output: data/processed/diploid/input_HG01686_HG00109_test.vcf.gz, data/processed/diploid/input_HG01686_HG00109_test.vcf.gz.csi, data/processed/diploid/input_HG01686_HG00109_truth.vcf.gz
    jobid: 106
    reason: Input files updated by another job: data/processed/diploid/input_HG01686_HG00109_test.vcf, data/processed/diploid/input_HG01686_HG00109_truth.vcf
    wildcards: p1=HG01686, p2=HG00109
    resources: tmpdir=/tmp

[Thu Jun 18 00:45:01 2026]
Finished job 152.
63 of 226 steps (28%) done
Removing temporary output data/processed/tmp/input_NA11881_HG00109.vcf.gz.
Select jobs to execute...

[Thu Jun 18 00:45:01 2026]
rule gzip_and_index:
    input: data/processed/diploid/input_NA11881_HG00109_test.vcf, data/processed/diploid/input_NA11881_HG00109_truth.vcf
    output: data/processed/diploid/input_NA11881_HG00109_test.vcf.gz, data/processed/diploid/input_NA11881_HG00109_test.vcf.gz.csi, data/processed/diploid/input_NA11881_HG00109_truth.vcf.gz
    jobid: 151
    reason: Input files updated by another job: data/processed/diploid/input_NA11881_HG00109_truth.vcf, data/processed/diploid/input_NA11881_HG00109_test.vcf
    wildcards: p1=NA11881, p2=HG00109
    resources: tmpdir=/tmp

[Thu Jun 18 00:45:01 2026]
Finished job 26.
64 of 226 steps (28%) done
Removing temporary output data/processed/tmp/input_HG00138_HG01630.vcf.gz.
Select jobs to execute...

[Thu Jun 18 00:45:01 2026]
rule gzip_and_index:
    input: data/processed/diploid/input_HG00138_HG01630_test.vcf, data/processed/diploid/input_HG00138_HG01630_truth.vcf
    output: data/processed/diploid/input_HG00138_HG01630_test.vcf.gz, data/processed/diploid/input_HG00138_HG01630_test.vcf.gz.csi, data/processed/diploid/input_HG00138_HG01630_truth.vcf.gz
    jobid: 25
    reason: Input files updated by another job: data/processed/diploid/input_HG00138_HG01630_test.vcf, data/processed/diploid/input_HG00138_HG01630_truth.vcf
    wildcards: p1=HG00138, p2=HG01630
    resources: tmpdir=/tmp

[Thu Jun 18 00:45:01 2026]
Finished job 206.
65 of 226 steps (29%) done
Removing temporary output data/processed/tmp/input_HG01608_HG01630.vcf.gz.
Select jobs to execute...

[Thu Jun 18 00:45:01 2026]
rule gzip_and_index:
    input: data/processed/diploid/input_HG01608_HG01630_test.vcf, data/processed/diploid/input_HG01608_HG01630_truth.vcf
    output: data/processed/diploid/input_HG01608_HG01630_test.vcf.gz, data/processed/diploid/input_HG01608_HG01630_test.vcf.gz.csi, data/processed/diploid/input_HG01608_HG01630_truth.vcf.gz
    jobid: 205
    reason: Input files updated by another job: data/processed/diploid/input_HG01608_HG01630_truth.vcf, data/processed/diploid/input_HG01608_HG01630_test.vcf
    wildcards: p1=HG01608, p2=HG01630
    resources: tmpdir=/tmp

[Thu Jun 18 00:45:01 2026]
Finished job 61.
66 of 226 steps (29%) done
Removing temporary output data/processed/diploid/input_HG00252_HG00109_test.vcf.
Select jobs to execute...

[Thu Jun 18 00:45:01 2026]
rule create_temp_reference_panel:
    input: data/processed/chrX_no_par.bcf, data/processed/chrX_no_par.bcf.csi, /net/snowwhite/home/beckandy/research/phasing_clean/data/ref_GRCh38.fna
    output: data/processed/tmp/ref_panel_HG01608_HG00109.bcf, data/processed/tmp/ref_panel_HG01608_HG00109.bcf.csi
    jobid: 200
    reason: Missing output files: data/processed/tmp/ref_panel_HG01608_HG00109.bcf, data/processed/tmp/ref_panel_HG01608_HG00109.bcf.csi
    wildcards: p1=HG01608, p2=HG00109
    resources: tmpdir=/tmp

[Thu Jun 18 00:45:01 2026]
Finished job 106.
67 of 226 steps (30%) done
Removing temporary output data/processed/diploid/input_HG01686_HG00109_test.vcf.
Select jobs to execute...

[Thu Jun 18 00:45:01 2026]
rule create_paired_vcf:
    input: data/processed/chrX_no_par.bcf, data/processed/site_list/sites_HG01686_HG01630.tsv
    output: data/processed/tmp/input_HG01686_HG01630.vcf.gz
    jobid: 117
    reason: Missing output files: data/processed/tmp/input_HG01686_HG01630.vcf.gz
    wildcards: p1=HG01686, p2=HG01630
    resources: tmpdir=/tmp

[Thu Jun 18 00:45:02 2026]
Finished job 71.
68 of 226 steps (30%) done
Removing temporary output data/processed/tmp/input_HG00252_HG01630.vcf.gz.
Select jobs to execute...

[Thu Jun 18 00:45:02 2026]
rule gzip_and_index:
    input: data/processed/diploid/input_HG00252_HG01630_test.vcf, data/processed/diploid/input_HG00252_HG01630_truth.vcf
    output: data/processed/diploid/input_HG00252_HG01630_test.vcf.gz, data/processed/diploid/input_HG00252_HG01630_test.vcf.gz.csi, data/processed/diploid/input_HG00252_HG01630_truth.vcf.gz
    jobid: 70
    reason: Input files updated by another job: data/processed/diploid/input_HG00252_HG01630_test.vcf, data/processed/diploid/input_HG00252_HG01630_truth.vcf
    wildcards: p1=HG00252, p2=HG01630
    resources: tmpdir=/tmp

[Thu Jun 18 00:45:02 2026]
Finished job 151.
69 of 226 steps (31%) done
Removing temporary output data/processed/diploid/input_NA11881_HG00109_test.vcf.
Select jobs to execute...

[Thu Jun 18 00:45:02 2026]
rule create_paired_vcf:
    input: data/processed/chrX_no_par.bcf, data/processed/site_list/sites_NA11881_HG01630.tsv
    output: data/processed/tmp/input_NA11881_HG01630.vcf.gz
    jobid: 162
    reason: Missing output files: data/processed/tmp/input_NA11881_HG01630.vcf.gz
    wildcards: p1=NA11881, p2=HG01630
    resources: tmpdir=/tmp

[Thu Jun 18 00:45:02 2026]
Finished job 25.
70 of 226 steps (31%) done
Removing temporary output data/processed/diploid/input_HG00138_HG01630_test.vcf.
Select jobs to execute...

[Thu Jun 18 00:45:02 2026]
rule create_paired_vcf:
    input: data/processed/chrX_no_par.bcf, data/processed/site_list/sites_HG00138_HG00109.tsv
    output: data/processed/tmp/input_HG00138_HG00109.vcf.gz
    jobid: 18
    reason: Missing output files: data/processed/tmp/input_HG00138_HG00109.vcf.gz
    wildcards: p1=HG00138, p2=HG00109
    resources: tmpdir=/tmp

[Thu Jun 18 00:45:02 2026]
Finished job 92.
71 of 226 steps (31%) done
Select jobs to execute...

[Thu Jun 18 00:45:02 2026]
rule create_temp_reference_panel:
    input: data/processed/chrX_no_par.bcf, data/processed/chrX_no_par.bcf.csi, /net/snowwhite/home/beckandy/research/phasing_clean/data/ref_GRCh38.fna
    output: data/processed/tmp/ref_panel_NA11881_HG00109.bcf, data/processed/tmp/ref_panel_NA11881_HG00109.bcf.csi
    jobid: 155
    reason: Missing output files: data/processed/tmp/ref_panel_NA11881_HG00109.bcf.csi, data/processed/tmp/ref_panel_NA11881_HG00109.bcf
    wildcards: p1=NA11881, p2=HG00109
    resources: tmpdir=/tmp

[Thu Jun 18 00:45:02 2026]
Finished job 128.
72 of 226 steps (32%) done
Select jobs to execute...

[Thu Jun 18 00:45:02 2026]
rule create_paired_vcf:
    input: data/processed/chrX_no_par.bcf, data/processed/site_list/sites_HG01608_HG00109.tsv
    output: data/processed/tmp/input_HG01608_HG00109.vcf.gz
    jobid: 198
    reason: Missing output files: data/processed/tmp/input_HG01608_HG00109.vcf.gz
    wildcards: p1=HG01608, p2=HG00109
    resources: tmpdir=/tmp

[Thu Jun 18 00:45:02 2026]
Finished job 205.
73 of 226 steps (32%) done
Removing temporary output data/processed/diploid/input_HG01608_HG01630_test.vcf.
Select jobs to execute...
[Thu Jun 18 00:45:02 2026]
Finished job 70.
74 of 226 steps (33%) done
Removing temporary output data/processed/diploid/input_HG00252_HG01630_test.vcf.
[Thu Jun 18 00:45:03 2026]
Finished job 137.
75 of 226 steps (33%) done
[Thu Jun 18 00:45:03 2026]
Finished job 227.
76 of 226 steps (34%) done

[Thu Jun 18 00:45:03 2026]
rule shapeit_phase:
    input: data/processed/diploid/input_HG01608_HG01630_test.vcf.gz, data/processed/diploid/input_HG01608_HG01630_test.vcf.gz.csi, data/processed/tmp/ref_panel_HG01608_HG01630.bcf, data/processed/tmp/ref_panel_HG01608_HG01630.bcf.csi
    output: data/processed/phased/shapeit_HG01608_HG01630.bcf
    jobid: 204
    reason: Missing output files: data/processed/phased/shapeit_HG01608_HG01630.bcf; Input files updated by another job: data/processed/diploid/input_HG01608_HG01630_test.vcf.gz.csi, data/processed/diploid/input_HG01608_HG01630_test.vcf.gz, data/processed/tmp/ref_panel_HG01608_HG01630.bcf, data/processed/tmp/ref_panel_HG01608_HG01630.bcf.csi
    wildcards: p1=HG01608, p2=HG01630
    threads: 4
    resources: tmpdir=/tmp

[Thu Jun 18 00:45:03 2026]
Finished job 38.
77 of 226 steps (34%) done
Select jobs to execute...
[Thu Jun 18 00:45:04 2026]
Finished job 117.
78 of 226 steps (35%) done

[Thu Jun 18 00:45:04 2026]
rule diploidifier:
    input: data/processed/tmp/input_HG01686_HG01630.vcf.gz
    output: data/processed/diploid/input_HG01686_HG01630_test.vcf, data/processed/diploid/input_HG01686_HG01630_truth.vcf
    jobid: 116
    reason: Missing output files: data/processed/diploid/input_HG01686_HG01630_truth.vcf, data/processed/diploid/input_HG01686_HG01630_test.vcf; Input files updated by another job: data/processed/tmp/input_HG01686_HG01630.vcf.gz
    wildcards: p1=HG01686, p2=HG01630
    resources: tmpdir=/tmp

[Thu Jun 18 00:45:05 2026]
Finished job 162.
79 of 226 steps (35%) done
Select jobs to execute...

[Thu Jun 18 00:45:05 2026]
rule diploidifier:
    input: data/processed/tmp/input_NA11881_HG01630.vcf.gz
    output: data/processed/diploid/input_NA11881_HG01630_test.vcf, data/processed/diploid/input_NA11881_HG01630_truth.vcf
    jobid: 161
    reason: Missing output files: data/processed/diploid/input_NA11881_HG01630_test.vcf, data/processed/diploid/input_NA11881_HG01630_truth.vcf; Input files updated by another job: data/processed/tmp/input_NA11881_HG01630.vcf.gz
    wildcards: p1=NA11881, p2=HG01630
    resources: tmpdir=/tmp

[Thu Jun 18 00:45:05 2026]
Finished job 18.
80 of 226 steps (35%) done
Select jobs to execute...

[Thu Jun 18 00:45:05 2026]
rule diploidifier:
    input: data/processed/tmp/input_HG00138_HG00109.vcf.gz
    output: data/processed/diploid/input_HG00138_HG00109_test.vcf, data/processed/diploid/input_HG00138_HG00109_truth.vcf
    jobid: 17
    reason: Missing output files: data/processed/diploid/input_HG00138_HG00109_truth.vcf, data/processed/diploid/input_HG00138_HG00109_test.vcf; Input files updated by another job: data/processed/tmp/input_HG00138_HG00109.vcf.gz
    wildcards: p1=HG00138, p2=HG00109
    resources: tmpdir=/tmp

[Thu Jun 18 00:45:05 2026]
Finished job 198.
81 of 226 steps (36%) done
Select jobs to execute...

[Thu Jun 18 00:45:05 2026]
rule diploidifier:
    input: data/processed/tmp/input_HG01608_HG00109.vcf.gz
    output: data/processed/diploid/input_HG01608_HG00109_test.vcf, data/processed/diploid/input_HG01608_HG00109_truth.vcf
    jobid: 197
    reason: Missing output files: data/processed/diploid/input_HG01608_HG00109_test.vcf, data/processed/diploid/input_HG01608_HG00109_truth.vcf; Input files updated by another job: data/processed/tmp/input_HG01608_HG00109.vcf.gz
    wildcards: p1=HG01608, p2=HG00109
    resources: tmpdir=/tmp

[Thu Jun 18 00:45:08 2026]
Finished job 182.
82 of 226 steps (36%) done
Select jobs to execute...
[Thu Jun 18 00:45:08 2026]
Finished job 173.
83 of 226 steps (37%) done
[Thu Jun 18 00:45:14 2026]
Finished job 204.
84 of 226 steps (37%) done
Removing temporary output data/processed/tmp/ref_panel_HG01608_HG01630.bcf.
Removing temporary output data/processed/tmp/ref_panel_HG01608_HG01630.bcf.csi.

[Thu Jun 18 00:45:14 2026]
rule convert_phased_bcf_to_vcf:
    input: data/processed/phased/shapeit_HG01608_HG01630.bcf
    output: data/processed/phased/shapeit_HG01608_HG01630.vcf
    jobid: 203
    reason: Missing output files: data/processed/phased/shapeit_HG01608_HG01630.vcf; Input files updated by another job: data/processed/phased/shapeit_HG01608_HG01630.bcf
    wildcards: p1=HG01608, p2=HG01630
    resources: tmpdir=/tmp


[Thu Jun 18 00:45:14 2026]
rule shapeit_phase:
    input: data/processed/diploid/input_NA11881_NA12760_test.vcf.gz, data/processed/diploid/input_NA11881_NA12760_test.vcf.gz.csi, data/processed/tmp/ref_panel_NA11881_NA12760.bcf, data/processed/tmp/ref_panel_NA11881_NA12760.bcf.csi
    output: data/processed/phased/shapeit_NA11881_NA12760.bcf
    jobid: 168
    reason: Missing output files: data/processed/phased/shapeit_NA11881_NA12760.bcf; Input files updated by another job: data/processed/diploid/input_NA11881_NA12760_test.vcf.gz, data/processed/diploid/input_NA11881_NA12760_test.vcf.gz.csi, data/processed/tmp/ref_panel_NA11881_NA12760.bcf.csi, data/processed/tmp/ref_panel_NA11881_NA12760.bcf
    wildcards: p1=NA11881, p2=NA12760
    threads: 4
    resources: tmpdir=/tmp

[Thu Jun 18 00:45:14 2026]
Finished job 116.
85 of 226 steps (38%) done
Removing temporary output data/processed/tmp/input_HG01686_HG01630.vcf.gz.
Select jobs to execute...

[Thu Jun 18 00:45:15 2026]
rule gzip_and_index:
    input: data/processed/diploid/input_HG01686_HG01630_test.vcf, data/processed/diploid/input_HG01686_HG01630_truth.vcf
    output: data/processed/diploid/input_HG01686_HG01630_test.vcf.gz, data/processed/diploid/input_HG01686_HG01630_test.vcf.gz.csi, data/processed/diploid/input_HG01686_HG01630_truth.vcf.gz
    jobid: 115
    reason: Input files updated by another job: data/processed/diploid/input_HG01686_HG01630_truth.vcf, data/processed/diploid/input_HG01686_HG01630_test.vcf
    wildcards: p1=HG01686, p2=HG01630
    resources: tmpdir=/tmp

[Thu Jun 18 00:45:15 2026]
Finished job 203.
86 of 226 steps (38%) done
Removing temporary output data/processed/phased/shapeit_HG01608_HG01630.bcf.
Select jobs to execute...

[Thu Jun 18 00:45:15 2026]
rule gzip_phased_vcf:
    input: data/processed/phased/shapeit_HG01608_HG01630.vcf
    output: data/processed/phased/shapeit_HG01608_HG01630.vcf.gz
    jobid: 202
    reason: Input files updated by another job: data/processed/phased/shapeit_HG01608_HG01630.vcf; Set of input files has changed since last execution; Code has changed since last execution
    wildcards: p1=HG01608, p2=HG01630
    resources: tmpdir=/tmp


[Thu Jun 18 00:45:15 2026]
rule whatshap_compare:
    input: data/processed/diploid/input_HG01608_HG01630_truth.vcf, data/processed/phased/shapeit_HG01608_HG01630.vcf
    output: data/processed/whatshap/shapeit/eval_HG01608_HG01630.tsv
    jobid: 250
    reason: Missing output files: data/processed/whatshap/shapeit/eval_HG01608_HG01630.tsv; Input files updated by another job: data/processed/diploid/input_HG01608_HG01630_truth.vcf, data/processed/phased/shapeit_HG01608_HG01630.vcf
    wildcards: p1=HG01608, p2=HG01630
    resources: tmpdir=/tmp

[Thu Jun 18 00:45:15 2026]
Finished job 47.
87 of 226 steps (38%) done
Select jobs to execute...
[Thu Jun 18 00:45:15 2026]
Finished job 202.
88 of 226 steps (39%) done

[Thu Jun 18 00:45:15 2026]
rule evaluate_switch_errors:
    input: data/processed/phased/shapeit_HG01608_HG01630.vcf.gz, data/processed/diploid/input_HG01608_HG01630_truth.vcf.gz
    output: data/processed/switch_errors/shapeit/error_HG01608_HG01630.diff.switch
    jobid: 201
    reason: Input files updated by another job: data/processed/phased/shapeit_HG01608_HG01630.vcf.gz, data/processed/diploid/input_HG01608_HG01630_truth.vcf.gz
    wildcards: p1=HG01608, p2=HG01630
    resources: tmpdir=/tmp

[Thu Jun 18 00:45:15 2026]
Finished job 161.
89 of 226 steps (39%) done
Removing temporary output data/processed/tmp/input_NA11881_HG01630.vcf.gz.
Select jobs to execute...
[Thu Jun 18 00:45:15 2026]
Error in rule whatshap_compare:
    jobid: 250
    input: data/processed/diploid/input_HG01608_HG01630_truth.vcf, data/processed/phased/shapeit_HG01608_HG01630.vcf
    output: data/processed/whatshap/shapeit/eval_HG01608_HG01630.tsv
    conda-env: /net/snowwhite/home/beckandy/research/SynthDiEv/.snakemake/conda/4d6a81510dd9e39dd6e2ddf1f6e8668c_
    shell:
        whatshap compare --names truth,shapeit --tsv-pairwise data/processed/whatshap/shapeit/eval_HG01608_HG01630.tsv data/processed/diploid/input_HG01608_HG01630_truth.vcf data/processed/phased/shapeit_HG01608_HG01630.vcf
        (one of the commands exited with non-zero exit code; note that snakemake uses bash strict mode!)


[Thu Jun 18 00:45:15 2026]
rule gzip_and_index:
    input: data/processed/diploid/input_NA11881_HG01630_test.vcf, data/processed/diploid/input_NA11881_HG01630_truth.vcf
    output: data/processed/diploid/input_NA11881_HG01630_test.vcf.gz, data/processed/diploid/input_NA11881_HG01630_test.vcf.gz.csi, data/processed/diploid/input_NA11881_HG01630_truth.vcf.gz
    jobid: 160
    reason: Input files updated by another job: data/processed/diploid/input_NA11881_HG01630_test.vcf, data/processed/diploid/input_NA11881_HG01630_truth.vcf
    wildcards: p1=NA11881, p2=HG01630
    resources: tmpdir=/tmp

[Thu Jun 18 00:45:15 2026]
Finished job 201.
90 of 226 steps (40%) done
[Thu Jun 18 00:45:15 2026]
Finished job 115.
91 of 226 steps (40%) done
Removing temporary output data/processed/diploid/input_HG01686_HG01630_test.vcf.
[Thu Jun 18 00:45:15 2026]
Finished job 17.
92 of 226 steps (41%) done
Removing temporary output data/processed/tmp/input_HG00138_HG00109.vcf.gz.
[Thu Jun 18 00:45:15 2026]
Finished job 197.
93 of 226 steps (41%) done
Removing temporary output data/processed/tmp/input_HG01608_HG00109.vcf.gz.
[Thu Jun 18 00:45:16 2026]
Finished job 83.
94 of 226 steps (42%) done
[Thu Jun 18 00:45:16 2026]
Finished job 160.
95 of 226 steps (42%) done
Removing temporary output data/processed/diploid/input_NA11881_HG01630_test.vcf.
[Thu Jun 18 00:45:16 2026]
Finished job 191.
96 of 226 steps (42%) done
[Thu Jun 18 00:45:17 2026]
Finished job 56.
97 of 226 steps (43%) done
[Thu Jun 18 00:45:17 2026]
Finished job 101.
98 of 226 steps (43%) done
[Thu Jun 18 00:45:18 2026]
Finished job 11.
99 of 226 steps (44%) done
[Thu Jun 18 00:45:23 2026]
Finished job 146.
100 of 226 steps (44%) done
[Thu Jun 18 00:45:25 2026]
Finished job 168.
101 of 226 steps (45%) done
Removing temporary output data/processed/tmp/ref_panel_NA11881_NA12760.bcf.csi.
Removing temporary output data/processed/tmp/ref_panel_NA11881_NA12760.bcf.
[Thu Jun 18 00:45:29 2026]
Finished job 200.
102 of 226 steps (45%) done
[Thu Jun 18 00:45:36 2026]
Finished job 155.
103 of 226 steps (46%) done
Shutting down, this might take some time.
Exiting because a job execution failed. Look above for error message
Complete log: .snakemake/log/2026-06-18T004417.887765.snakemake.log
